This is pdfTeX, Version 3.14159265-2.6-1.40.15 (MiKTeX 2.9 64-bit) (preloaded format=pdflatex 2016.5.9)  18 OCT 2019 22:28
entering extended mode
**latex.example.tex
(latex.example.tex
LaTeX2e <2014/05/01>
Babel <3.9l> and hyphenation patterns for 68 languages loaded.
("C:\Program Files\MiKTeX 2.9\tex\latex\base\article.cls"
Document Class: article 2014/09/29 v1.4h Standard LaTeX document class
("C:\Program Files\MiKTeX 2.9\tex\latex\base\size10.clo"
File: size10.clo 2014/09/29 v1.4h Standard LaTeX file (size option)
)
\c@part=\count79
\c@section=\count80
\c@subsection=\count81
\c@subsubsection=\count82
\c@paragraph=\count83
\c@subparagraph=\count84
\c@figure=\count85
\c@table=\count86
\abovecaptionskip=\skip41
\belowcaptionskip=\skip42
\bibindent=\dimen102
)
("C:\Program Files\MiKTeX 2.9\tex\latex\geometry\geometry.sty"
Package: geometry 2010/09/12 v5.6 Page Geometry

("C:\Program Files\MiKTeX 2.9\tex\latex\graphics\keyval.sty"
Package: keyval 2014/10/28 v1.15 key=value parser (DPC)
\KV@toks@=\toks14
)
("C:\Program Files\MiKTeX 2.9\tex\generic\oberdiek\ifpdf.sty"
Package: ifpdf 2011/01/30 v2.3 Provides the ifpdf switch (HO)
Package ifpdf Info: pdfTeX in PDF mode is detected.
)
("C:\Program Files\MiKTeX 2.9\tex\generic\oberdiek\ifvtex.sty"
Package: ifvtex 2010/03/01 v1.5 Detect VTeX and its facilities (HO)
Package ifvtex Info: VTeX not detected.
)
("C:\Program Files\MiKTeX 2.9\tex\generic\ifxetex\ifxetex.sty"
Package: ifxetex 2010/09/12 v0.6 Provides ifxetex conditional
)
\Gm@cnth=\count87
\Gm@cntv=\count88
\c@Gm@tempcnt=\count89
\Gm@bindingoffset=\dimen103
\Gm@wd@mp=\dimen104
\Gm@odd@mp=\dimen105
\Gm@even@mp=\dimen106
\Gm@layoutwidth=\dimen107
\Gm@layoutheight=\dimen108
\Gm@layouthoffset=\dimen109
\Gm@layoutvoffset=\dimen110
\Gm@dimlist=\toks15

("C:\Program Files\MiKTeX 2.9\tex\latex\geometry\geometry.cfg"))
("C:\Program Files\MiKTeX 2.9\tex\latex\titlesec\titlesec.sty"
Package: titlesec 2016/03/21 v2.10.2 Sectioning titles
\ttl@box=\box26
\beforetitleunit=\skip43
\aftertitleunit=\skip44
\ttl@plus=\dimen111
\ttl@minus=\dimen112
\ttl@toksa=\toks16
\titlewidth=\dimen113
\titlewidthlast=\dimen114
\titlewidthfirst=\dimen115
)
("C:\Program Files\MiKTeX 2.9\tex\latex\amsfonts\amsfonts.sty"
Package: amsfonts 2013/01/14 v3.01 Basic AMSFonts support
\@emptytoks=\toks17
\symAMSa=\mathgroup4
\symAMSb=\mathgroup5
LaTeX Font Info:    Overwriting math alphabet `\mathfrak' in version `bold'
(Font)                  U/euf/m/n --> U/euf/b/n on input line 106.
)
("C:\Program Files\MiKTeX 2.9\tex\latex\amsmath\amsmath.sty"
Package: amsmath 2013/01/14 v2.14 AMS math features
\@mathmargin=\skip45

For additional information on amsmath, use the `?' option.
("C:\Program Files\MiKTeX 2.9\tex\latex\amsmath\amstext.sty"
Package: amstext 2000/06/29 v2.01

("C:\Program Files\MiKTeX 2.9\tex\latex\amsmath\amsgen.sty"
File: amsgen.sty 1999/11/30 v2.0
\@emptytoks=\toks18
\ex@=\dimen116
))
("C:\Program Files\MiKTeX 2.9\tex\latex\amsmath\amsbsy.sty"
Package: amsbsy 1999/11/29 v1.2d
\pmbraise@=\dimen117
)
("C:\Program Files\MiKTeX 2.9\tex\latex\amsmath\amsopn.sty"
Package: amsopn 1999/12/14 v2.01 operator names
)
\inf@bad=\count90
LaTeX Info: Redefining \frac on input line 210.
\uproot@=\count91
\leftroot@=\count92
LaTeX Info: Redefining \overline on input line 306.
\classnum@=\count93
\DOTSCASE@=\count94
LaTeX Info: Redefining \ldots on input line 378.
LaTeX Info: Redefining \dots on input line 381.
LaTeX Info: Redefining \cdots on input line 466.
\Mathstrutbox@=\box27
\strutbox@=\box28
\big@size=\dimen118
LaTeX Font Info:    Redeclaring font encoding OML on input line 566.
LaTeX Font Info:    Redeclaring font encoding OMS on input line 567.
\macc@depth=\count95
\c@MaxMatrixCols=\count96
\dotsspace@=\muskip10
\c@parentequation=\count97
\dspbrk@lvl=\count98
\tag@help=\toks19
\row@=\count99
\column@=\count100
\maxfields@=\count101
\andhelp@=\toks20
\eqnshift@=\dimen119
\alignsep@=\dimen120
\tagshift@=\dimen121
\tagwidth@=\dimen122
\totwidth@=\dimen123
\lineht@=\dimen124
\@envbody=\toks21
\multlinegap=\skip46
\multlinetaggap=\skip47
\mathdisplay@stack=\toks22
LaTeX Info: Redefining \[ on input line 2665.
LaTeX Info: Redefining \] on input line 2666.
)
("C:\Program Files\MiKTeX 2.9\tex\latex\commath\commath.sty"
("C:\Program Files\MiKTeX 2.9\tex\latex\base\ifthen.sty"
Package: ifthen 2014/09/29 v1.1c Standard LaTeX ifthen package (DPC)
))
("C:\Program Files\MiKTeX 2.9\tex\latex\blindtext\blindtext.sty"
Package: blindtext 2012/01/06 V2.0 blindtext-Package

("C:\Program Files\MiKTeX 2.9\tex\latex\tools\xspace.sty"
Package: xspace 2014/10/28 v1.13 Space after command names (DPC,MH)
)
\c@blindtext=\count102
\c@Blindtext=\count103
\c@blind@countparstart=\count104
\blind@countxx=\count105
\blindtext@numBlindtext=\count106
\blind@countyy=\count107
\c@blindlist=\count108
\c@blindlistlevel=\count109
\c@blindlist@level=\count110
\blind@listitem=\count111
\c@blind@listcount=\count112
\c@blind@levelcount=\count113
\blind@mathformula=\count114
\blind@Mathformula=\count115
\c@blind@randomcount=\count116
\c@blind@randommax=\count117
\c@blind@pangramcount=\count118
\c@blind@pangrammax=\count119
)
("C:\Program Files\MiKTeX 2.9\tex\latex\tools\multicol.sty"
Package: multicol 2014/10/28 v1.8i multicolumn formatting (FMi)
\c@tracingmulticols=\count120
\mult@box=\box29
\multicol@leftmargin=\dimen125
\c@unbalance=\count121
\c@collectmore=\count122
\doublecol@number=\count123
\multicoltolerance=\count124
\multicolpretolerance=\count125
\full@width=\dimen126
\page@free=\dimen127
\premulticols=\dimen128
\postmulticols=\dimen129
\multicolsep=\skip48
\multicolbaselineskip=\skip49
\partial@page=\box30
\last@line=\box31
\maxbalancingoverflow=\dimen130
\mult@rightbox=\box32
\mult@grightbox=\box33
\mult@gfirstbox=\box34
\mult@firstbox=\box35
\@tempa=\box36
\@tempa=\box37
\@tempa=\box38
\@tempa=\box39
\@tempa=\box40
\@tempa=\box41
\@tempa=\box42
\@tempa=\box43
\@tempa=\box44
\@tempa=\box45
\@tempa=\box46
\@tempa=\box47
\@tempa=\box48
\@tempa=\box49
\@tempa=\box50
\@tempa=\box51
\@tempa=\box52
\c@columnbadness=\count126
\c@finalcolumnbadness=\count127
\last@try=\dimen131
\multicolovershoot=\dimen132
\multicolundershoot=\dimen133
\mult@nat@firstbox=\box53
\colbreak@box=\box54
\mc@col@check@num=\count128
)
("C:\Program Files\MiKTeX 2.9\tex\latex\multirow\multirow.sty"
\bigstrutjot=\dimen134
)
("C:\Program Files\MiKTeX 2.9\tex\latex\amscls\amsthm.sty"
Package: amsthm 2009/07/02 v2.20.1
\thm@style=\toks23
\thm@bodyfont=\toks24
\thm@headfont=\toks25
\thm@notefont=\toks26
\thm@headpunct=\toks27
\thm@preskip=\skip50
\thm@postskip=\skip51
\thm@headsep=\skip52
\dth@everypar=\toks28
)
("C:\Program Files\MiKTeX 2.9\tex\latex\amsfonts\amssymb.sty"
Package: amssymb 2013/01/14 v3.01 AMS font symbols
)
("C:\Program Files\MiKTeX 2.9\tex\latex\tools\tabularx.sty"
Package: tabularx 2014/10/28 v2.10 `tabularx' package (DPC)

("C:\Program Files\MiKTeX 2.9\tex\latex\tools\array.sty"
Package: array 2014/10/28 v2.4c Tabular extension package (FMi)
\col@sep=\dimen135
\extrarowheight=\dimen136
\NC@list=\toks29
\extratabsurround=\skip53
\backup@length=\skip54
)
\TX@col@width=\dimen137
\TX@old@table=\dimen138
\TX@old@col=\dimen139
\TX@target=\dimen140
\TX@delta=\dimen141
\TX@cols=\count129
\TX@ftn=\toks30
)
("C:\Program Files\MiKTeX 2.9\tex\latex\ulem\ulem.sty"
\UL@box=\box55
\UL@hyphenbox=\box56
\UL@skip=\skip55
\UL@hook=\toks31
\UL@height=\dimen142
\UL@pe=\count130
\UL@pixel=\dimen143
\ULC@box=\box57
Package: ulem 2012/05/18
\ULdepth=\dimen144
)
("C:\Program Files\MiKTeX 2.9\tex\latex\cancel\cancel.sty"
Package: cancel 2013/04/12 v2.2 Cancel math terms
)
("C:\Program Files\MiKTeX 2.9\tex\latex\polynom\polynom.sty"
Package: polynom 2006/04/20 0.17 (CH,HA)
\pld@currstage=\count131
)
("C:\Program Files\MiKTeX 2.9\tex\latex\comment\comment.sty"
\CommentStream=\write3

Excluding comment 'comment')
("C:\Program Files\MiKTeX 2.9\tex\latex\termcal\termcal.sty"
Package: termcal 1997/01/11 1.8 Latex2e package to print a Term calendar

("C:\Program Files\MiKTeX 2.9\tex\latex\tools\longtable.sty"
Package: longtable 2014/10/28 v4.11 Multi-page Table package (DPC)
\LTleft=\skip56
\LTright=\skip57
\LTpre=\skip58
\LTpost=\skip59
\LTchunksize=\count132
\LTcapwidth=\dimen145
\LT@head=\box58
\LT@firsthead=\box59
\LT@foot=\box60
\LT@lastfoot=\box61
\LT@cols=\count133
\LT@rows=\count134
\c@LT@tables=\count135
\c@LT@chunks=\count136
\LT@p@ftn=\toks32
)
\calboxdepth=\skip60
\calwidth=\skip61
\ca@boxwidth=\skip62
\c@ca@dpw=\count137
\c@ca@numwks=\count138
\c@ca@wknum=\count139
\ca@doaweek=\toks33
\ca@doweeks=\toks34
\ca@colhead=\toks35
\c@classnum=\count140
\weeklytext=\toks36
\c@textdaycount=\count141
\c@date=\count142
\c@month=\count143
\c@year=\count144
)
("C:\Program Files\MiKTeX 2.9\tex\latex\setspace\setspace.sty"
Package: setspace 2011/12/19 v6.7a set line spacing
)
("C:\Program Files\MiKTeX 2.9\tex\latex\framed\framed.sty"
Package: framed 2011/10/22 v 0.96: framed or shaded text with page breaks
\OuterFrameSep=\skip63
\fb@frw=\dimen146
\fb@frh=\dimen147
\FrameRule=\dimen148
\FrameSep=\dimen149
)
("C:\Program Files\MiKTeX 2.9\tex\latex\imakeidx\imakeidx.sty"
Package: imakeidx 2016/04/03 v1.3b Package for typesetting indices in a synchro
nous mode

("C:\Program Files\MiKTeX 2.9\tex\latex\xkeyval\xkeyval.sty"
Package: xkeyval 2014/12/03 v2.7a package option processing (HA)

("C:\Program Files\MiKTeX 2.9\tex\generic\xkeyval\xkeyval.tex"
("C:\Program Files\MiKTeX 2.9\tex\generic\xkeyval\xkvutils.tex"
\XKV@toks=\toks37
\XKV@tempa@toks=\toks38
)
\XKV@depth=\count145
File: xkeyval.tex 2014/12/03 v2.7a key=value parser (HA)
))
("C:\Program Files\MiKTeX 2.9\tex\generic\oberdiek\ifluatex.sty"
Package: ifluatex 2010/03/01 v1.3 Provides the ifluatex switch (HO)
Package ifluatex Info: LuaTeX not detected.
))
\latex.example@idxfile=\write4

Writing index file latex.example.idx
("C:\Program Files\MiKTeX 2.9\tex\latex\tools\verbatim.sty"
Package: verbatim 2014/10/28 v1.5q LaTeX2e package for verbatim enhancements
\every@verbatim=\toks39
\verbatim@line=\toks40
\verbatim@in@stream=\read1
)
("C:\Program Files\MiKTeX 2.9\tex\latex\pgf\frontendlayer\tikz.sty"
("C:\Program Files\MiKTeX 2.9\tex\latex\pgf\basiclayer\pgf.sty"
("C:\Program Files\MiKTeX 2.9\tex\latex\pgf\utilities\pgfrcs.sty"
("C:\Program Files\MiKTeX 2.9\tex\generic\pgf\utilities\pgfutil-common.tex"
\pgfutil@everybye=\toks41
\pgfutil@tempdima=\dimen150
\pgfutil@tempdimb=\dimen151

("C:\Program Files\MiKTeX 2.9\tex\generic\pgf\utilities\pgfutil-common-lists.te
x")) ("C:\Program Files\MiKTeX 2.9\tex\generic\pgf\utilities\pgfutil-latex.def"
\pgfutil@abb=\box62
("C:\Program Files\MiKTeX 2.9\tex\latex\ms\everyshi.sty"
Package: everyshi 2001/05/15 v3.00 EveryShipout Package (MS)
))
("C:\Program Files\MiKTeX 2.9\tex\generic\pgf\utilities\pgfrcs.code.tex"
Package: pgfrcs 2015/08/07 v3.0.1a (rcs-revision 1.31)
))
Package: pgf 2015/08/07 v3.0.1a (rcs-revision 1.15)

("C:\Program Files\MiKTeX 2.9\tex\latex\pgf\basiclayer\pgfcore.sty"
("C:\Program Files\MiKTeX 2.9\tex\latex\graphics\graphicx.sty"
Package: graphicx 2014/10/28 v1.0g Enhanced LaTeX Graphics (DPC,SPQR)

("C:\Program Files\MiKTeX 2.9\tex\latex\graphics\graphics.sty"
Package: graphics 2014/10/28 v1.0p Standard LaTeX Graphics (DPC,SPQR)

("C:\Program Files\MiKTeX 2.9\tex\latex\graphics\trig.sty"
Package: trig 1999/03/16 v1.09 sin cos tan (DPC)
)
("C:\Program Files\MiKTeX 2.9\tex\latex\00miktex\graphics.cfg"
File: graphics.cfg 2007/01/18 v1.5 graphics configuration of teTeX/TeXLive
)
Package graphics Info: Driver file: pdftex.def on input line 91.

("C:\Program Files\MiKTeX 2.9\tex\latex\pdftex-def\pdftex.def"
File: pdftex.def 2011/05/27 v0.06d Graphics/color for pdfTeX

("C:\Program Files\MiKTeX 2.9\tex\generic\oberdiek\infwarerr.sty"
Package: infwarerr 2010/04/08 v1.3 Providing info/warning/error messages (HO)
)
("C:\Program Files\MiKTeX 2.9\tex\generic\oberdiek\ltxcmds.sty"
Package: ltxcmds 2011/11/09 v1.22 LaTeX kernel commands for general use (HO)
)
\Gread@gobject=\count146
))
\Gin@req@height=\dimen152
\Gin@req@width=\dimen153
)
("C:\Program Files\MiKTeX 2.9\tex\latex\pgf\systemlayer\pgfsys.sty"
("C:\Program Files\MiKTeX 2.9\tex\generic\pgf\systemlayer\pgfsys.code.tex"
Package: pgfsys 2014/07/09 v3.0.1a (rcs-revision 1.48)

("C:\Program Files\MiKTeX 2.9\tex\generic\pgf\utilities\pgfkeys.code.tex"
\pgfkeys@pathtoks=\toks42
\pgfkeys@temptoks=\toks43

("C:\Program Files\MiKTeX 2.9\tex\generic\pgf\utilities\pgfkeysfiltered.code.te
x"
\pgfkeys@tmptoks=\toks44
))
\pgf@x=\dimen154
\pgf@y=\dimen155
\pgf@xa=\dimen156
\pgf@ya=\dimen157
\pgf@xb=\dimen158
\pgf@yb=\dimen159
\pgf@xc=\dimen160
\pgf@yc=\dimen161
\w@pgf@writea=\write5
\r@pgf@reada=\read2
\c@pgf@counta=\count147
\c@pgf@countb=\count148
\c@pgf@countc=\count149
\c@pgf@countd=\count150
\t@pgf@toka=\toks45
\t@pgf@tokb=\toks46
\t@pgf@tokc=\toks47
 ("C:\Program Files\MiKTeX 2.9\tex\generic\pgf\systemlayer\pgf.cfg"
File: pgf.cfg 2008/05/14  (rcs-revision 1.7)
)
Driver file for pgf: pgfsys-pdftex.def

("C:\Program Files\MiKTeX 2.9\tex\generic\pgf\systemlayer\pgfsys-pdftex.def"
File: pgfsys-pdftex.def 2014/10/11  (rcs-revision 1.35)

("C:\Program Files\MiKTeX 2.9\tex\generic\pgf\systemlayer\pgfsys-common-pdf.def
"
File: pgfsys-common-pdf.def 2013/10/10  (rcs-revision 1.13)
)))
("C:\Program Files\MiKTeX 2.9\tex\generic\pgf\systemlayer\pgfsyssoftpath.code.t
ex"
File: pgfsyssoftpath.code.tex 2013/09/09  (rcs-revision 1.9)
\pgfsyssoftpath@smallbuffer@items=\count151
\pgfsyssoftpath@bigbuffer@items=\count152
)
("C:\Program Files\MiKTeX 2.9\tex\generic\pgf\systemlayer\pgfsysprotocol.code.t
ex"
File: pgfsysprotocol.code.tex 2006/10/16  (rcs-revision 1.4)
)) ("C:\Program Files\MiKTeX 2.9\tex\latex\xcolor\xcolor.sty"
Package: xcolor 2007/01/21 v2.11 LaTeX color extensions (UK)

("C:\Program Files\MiKTeX 2.9\tex\latex\00miktex\color.cfg"
File: color.cfg 2007/01/18 v1.5 color configuration of teTeX/TeXLive
)
Package xcolor Info: Driver file: pdftex.def on input line 225.
Package xcolor Info: Model `cmy' substituted by `cmy0' on input line 1337.
Package xcolor Info: Model `hsb' substituted by `rgb' on input line 1341.
Package xcolor Info: Model `RGB' extended on input line 1353.
Package xcolor Info: Model `HTML' substituted by `rgb' on input line 1355.
Package xcolor Info: Model `Hsb' substituted by `hsb' on input line 1356.
Package xcolor Info: Model `tHsb' substituted by `hsb' on input line 1357.
Package xcolor Info: Model `HSB' substituted by `hsb' on input line 1358.
Package xcolor Info: Model `Gray' substituted by `gray' on input line 1359.
Package xcolor Info: Model `wave' substituted by `hsb' on input line 1360.
)
("C:\Program Files\MiKTeX 2.9\tex\generic\pgf\basiclayer\pgfcore.code.tex"
Package: pgfcore 2010/04/11 v3.0.1a (rcs-revision 1.7)

("C:\Program Files\MiKTeX 2.9\tex\generic\pgf\math\pgfmath.code.tex"
("C:\Program Files\MiKTeX 2.9\tex\generic\pgf\math\pgfmathcalc.code.tex"
("C:\Program Files\MiKTeX 2.9\tex\generic\pgf\math\pgfmathutil.code.tex")
("C:\Program Files\MiKTeX 2.9\tex\generic\pgf\math\pgfmathparser.code.tex"
\pgfmath@dimen=\dimen162
\pgfmath@count=\count153
\pgfmath@box=\box63
\pgfmath@toks=\toks48
\pgfmath@stack@operand=\toks49
\pgfmath@stack@operation=\toks50
)
("C:\Program Files\MiKTeX 2.9\tex\generic\pgf\math\pgfmathfunctions.code.tex"
("C:\Program Files\MiKTeX 2.9\tex\generic\pgf\math\pgfmathfunctions.basic.code.
tex")
("C:\Program Files\MiKTeX 2.9\tex\generic\pgf\math\pgfmathfunctions.trigonometr
ic.code.tex")
("C:\Program Files\MiKTeX 2.9\tex\generic\pgf\math\pgfmathfunctions.random.code
.tex")
("C:\Program Files\MiKTeX 2.9\tex\generic\pgf\math\pgfmathfunctions.comparison.
code.tex")
("C:\Program Files\MiKTeX 2.9\tex\generic\pgf\math\pgfmathfunctions.base.code.t
ex")
("C:\Program Files\MiKTeX 2.9\tex\generic\pgf\math\pgfmathfunctions.round.code.
tex")
("C:\Program Files\MiKTeX 2.9\tex\generic\pgf\math\pgfmathfunctions.misc.code.t
ex")
("C:\Program Files\MiKTeX 2.9\tex\generic\pgf\math\pgfmathfunctions.integerarit
hmetics.code.tex")))
("C:\Program Files\MiKTeX 2.9\tex\generic\pgf\math\pgfmathfloat.code.tex"
\c@pgfmathroundto@lastzeros=\count154
))
("C:\Program Files\MiKTeX 2.9\tex\generic\pgf\basiclayer\pgfcorepoints.code.tex
"
File: pgfcorepoints.code.tex 2013/10/07  (rcs-revision 1.27)
\pgf@picminx=\dimen163
\pgf@picmaxx=\dimen164
\pgf@picminy=\dimen165
\pgf@picmaxy=\dimen166
\pgf@pathminx=\dimen167
\pgf@pathmaxx=\dimen168
\pgf@pathminy=\dimen169
\pgf@pathmaxy=\dimen170
\pgf@xx=\dimen171
\pgf@xy=\dimen172
\pgf@yx=\dimen173
\pgf@yy=\dimen174
\pgf@zx=\dimen175
\pgf@zy=\dimen176
)
("C:\Program Files\MiKTeX 2.9\tex\generic\pgf\basiclayer\pgfcorepathconstruct.c
ode.tex"
File: pgfcorepathconstruct.code.tex 2013/10/07  (rcs-revision 1.29)
\pgf@path@lastx=\dimen177
\pgf@path@lasty=\dimen178
)
("C:\Program Files\MiKTeX 2.9\tex\generic\pgf\basiclayer\pgfcorepathusage.code.
tex"
File: pgfcorepathusage.code.tex 2014/11/02  (rcs-revision 1.24)
\pgf@shorten@end@additional=\dimen179
\pgf@shorten@start@additional=\dimen180
)
("C:\Program Files\MiKTeX 2.9\tex\generic\pgf\basiclayer\pgfcorescopes.code.tex
"
File: pgfcorescopes.code.tex 2015/05/08  (rcs-revision 1.46)
\pgfpic=\box64
\pgf@hbox=\box65
\pgf@layerbox@main=\box66
\pgf@picture@serial@count=\count155
)
("C:\Program Files\MiKTeX 2.9\tex\generic\pgf\basiclayer\pgfcoregraphicstate.co
de.tex"
File: pgfcoregraphicstate.code.tex 2014/11/02  (rcs-revision 1.12)
\pgflinewidth=\dimen181
)
("C:\Program Files\MiKTeX 2.9\tex\generic\pgf\basiclayer\pgfcoretransformations
.code.tex"
File: pgfcoretransformations.code.tex 2015/08/07  (rcs-revision 1.20)
\pgf@pt@x=\dimen182
\pgf@pt@y=\dimen183
\pgf@pt@temp=\dimen184
)
("C:\Program Files\MiKTeX 2.9\tex\generic\pgf\basiclayer\pgfcorequick.code.tex"
File: pgfcorequick.code.tex 2008/10/09  (rcs-revision 1.3)
)
("C:\Program Files\MiKTeX 2.9\tex\generic\pgf\basiclayer\pgfcoreobjects.code.te
x"
File: pgfcoreobjects.code.tex 2006/10/11  (rcs-revision 1.2)
)
("C:\Program Files\MiKTeX 2.9\tex\generic\pgf\basiclayer\pgfcorepathprocessing.
code.tex"
File: pgfcorepathprocessing.code.tex 2013/09/09  (rcs-revision 1.9)
)
("C:\Program Files\MiKTeX 2.9\tex\generic\pgf\basiclayer\pgfcorearrows.code.tex
"
File: pgfcorearrows.code.tex 2015/05/14  (rcs-revision 1.43)
\pgfarrowsep=\dimen185
)
("C:\Program Files\MiKTeX 2.9\tex\generic\pgf\basiclayer\pgfcoreshade.code.tex"
File: pgfcoreshade.code.tex 2013/07/15  (rcs-revision 1.15)
\pgf@max=\dimen186
\pgf@sys@shading@range@num=\count156
) ("C:\Program Files\MiKTeX 2.9\tex\generic\pgf\basiclayer\pgfcoreimage.code.te
x"
File: pgfcoreimage.code.tex 2013/07/15  (rcs-revision 1.18)

("C:\Program Files\MiKTeX 2.9\tex\generic\pgf\basiclayer\pgfcoreexternal.code.t
ex"
File: pgfcoreexternal.code.tex 2014/07/09  (rcs-revision 1.21)
\pgfexternal@startupbox=\box67
))
("C:\Program Files\MiKTeX 2.9\tex\generic\pgf\basiclayer\pgfcorelayers.code.tex
"
File: pgfcorelayers.code.tex 2013/07/18  (rcs-revision 1.7)
)
("C:\Program Files\MiKTeX 2.9\tex\generic\pgf\basiclayer\pgfcoretransparency.co
de.tex"
File: pgfcoretransparency.code.tex 2013/09/30  (rcs-revision 1.5)
)
("C:\Program Files\MiKTeX 2.9\tex\generic\pgf\basiclayer\pgfcorepatterns.code.t
ex"
File: pgfcorepatterns.code.tex 2013/11/07  (rcs-revision 1.5)
)))
("C:\Program Files\MiKTeX 2.9\tex\generic\pgf\modules\pgfmoduleshapes.code.tex"
File: pgfmoduleshapes.code.tex 2014/03/21  (rcs-revision 1.35)
\pgfnodeparttextbox=\box68
) ("C:\Program Files\MiKTeX 2.9\tex\generic\pgf\modules\pgfmoduleplot.code.tex"
File: pgfmoduleplot.code.tex 2015/08/03  (rcs-revision 1.13)
)
("C:\Program Files\MiKTeX 2.9\tex\latex\pgf\compatibility\pgfcomp-version-0-65.
sty"
Package: pgfcomp-version-0-65 2007/07/03 v3.0.1a (rcs-revision 1.7)
\pgf@nodesepstart=\dimen187
\pgf@nodesepend=\dimen188
)
("C:\Program Files\MiKTeX 2.9\tex\latex\pgf\compatibility\pgfcomp-version-1-18.
sty"
Package: pgfcomp-version-1-18 2007/07/23 v3.0.1a (rcs-revision 1.1)
)) ("C:\Program Files\MiKTeX 2.9\tex\latex\pgf\utilities\pgffor.sty"
("C:\Program Files\MiKTeX 2.9\tex\latex\pgf\utilities\pgfkeys.sty"
("C:\Program Files\MiKTeX 2.9\tex\generic\pgf\utilities\pgfkeys.code.tex"))
("C:\Program Files\MiKTeX 2.9\tex\latex\pgf\math\pgfmath.sty"
("C:\Program Files\MiKTeX 2.9\tex\generic\pgf\math\pgfmath.code.tex"))
("C:\Program Files\MiKTeX 2.9\tex\generic\pgf\utilities\pgffor.code.tex"
Package: pgffor 2013/12/13 v3.0.1a (rcs-revision 1.25)

("C:\Program Files\MiKTeX 2.9\tex\generic\pgf\math\pgfmath.code.tex")
\pgffor@iter=\dimen189
\pgffor@skip=\dimen190
\pgffor@stack=\toks51
\pgffor@toks=\toks52
))
("C:\Program Files\MiKTeX 2.9\tex\generic\pgf\frontendlayer\tikz\tikz.code.tex"
Package: tikz 2015/08/07 v3.0.1a (rcs-revision 1.151)

("C:\Program Files\MiKTeX 2.9\tex\generic\pgf\libraries\pgflibraryplothandlers.
code.tex"
File: pgflibraryplothandlers.code.tex 2013/08/31 v3.0.1a (rcs-revision 1.20)
\pgf@plot@mark@count=\count157
\pgfplotmarksize=\dimen191
)
\tikz@lastx=\dimen192
\tikz@lasty=\dimen193
\tikz@lastxsaved=\dimen194
\tikz@lastysaved=\dimen195
\tikzleveldistance=\dimen196
\tikzsiblingdistance=\dimen197
\tikz@figbox=\box69
\tikz@figbox@bg=\box70
\tikz@tempbox=\box71
\tikz@tempbox@bg=\box72
\tikztreelevel=\count158
\tikznumberofchildren=\count159
\tikznumberofcurrentchild=\count160
\tikz@fig@count=\count161

("C:\Program Files\MiKTeX 2.9\tex\generic\pgf\modules\pgfmodulematrix.code.tex"
File: pgfmodulematrix.code.tex 2013/09/17  (rcs-revision 1.8)
\pgfmatrixcurrentrow=\count162
\pgfmatrixcurrentcolumn=\count163
\pgf@matrix@numberofcolumns=\count164
)
\tikz@expandcount=\count165

("C:\Program Files\MiKTeX 2.9\tex\generic\pgf\frontendlayer\tikz\libraries\tikz
librarytopaths.code.tex"
File: tikzlibrarytopaths.code.tex 2008/06/17 v3.0.1a (rcs-revision 1.2)
)))
("C:\Program Files\MiKTeX 2.9\tex\generic\pgf\frontendlayer\tikz\libraries\tikz
librarypositioning.code.tex"
File: tikzlibrarypositioning.code.tex 2008/10/06 v3.0.1a (rcs-revision 1.7)
)
("C:\Program Files\MiKTeX 2.9\tex\latex\tikz-cd\tikz-cd.sty"
Package: tikz-cd 2014/10/30 v0.9e Commutative diagrams with tikz

("C:\Program Files\MiKTeX 2.9\tex\generic\tikz-cd\tikzlibrarycd.code.tex"
("C:\Program Files\MiKTeX 2.9\tex\generic\pgf\frontendlayer\tikz\libraries\tikz
librarymatrix.code.tex"
File: tikzlibrarymatrix.code.tex 2013/07/12 v3.0.1a (rcs-revision 1.4)
)
("C:\Program Files\MiKTeX 2.9\tex\generic\pgf\frontendlayer\tikz\libraries\tikz
libraryquotes.code.tex"
File: tikzlibraryquotes.code.tex 2014/03/21 v3.0.1a (rcs-revision 1.4)
)
("C:\Program Files\MiKTeX 2.9\tex\generic\pgf\libraries\pgflibraryarrows.meta.c
ode.tex"
File: pgflibraryarrows.meta.code.tex 2015/05/13 v3.0.1a (rcs-revision 1.13)
\pgfarrowinset=\dimen198
\pgfarrowlength=\dimen199
\pgfarrowwidth=\dimen200
\pgfarrowlinewidth=\dimen201
))) ("C:\Program Files\MiKTeX 2.9\tex\latex\pgfplots\pgfplots.sty"
("C:\Program Files\MiKTeX 2.9\tex\generic\pgfplots\pgfplots.revision.tex")
Package: pgfplots 2016/01/06 v1.13 Data Visualization (1.13)

("C:\Program Files\MiKTeX 2.9\tex\generic\pgfplots\pgfplots.code.tex"
("C:\Program Files\MiKTeX 2.9\tex\generic\pgfplots\pgfplotscore.code.tex"
\t@pgfplots@toka=\toks53
\t@pgfplots@tokb=\toks54
\t@pgfplots@tokc=\toks55
\pgfplots@tmpa=\dimen202
\c@pgfplots@coordindex=\count166
\c@pgfplots@scanlineindex=\count167

("C:\Program Files\MiKTeX 2.9\tex\generic\pgfplots\sys\pgfplotssysgeneric.code.
tex"))
("C:\Program Files\MiKTeX 2.9\tex\generic\pgfplots\libs\pgfplotslibrary.code.te
x")
("C:\Program Files\MiKTeX 2.9\tex\generic\pgfplots\oldpgfcompatib\pgfplotsoldpg
fsupp_loader.code.tex"
("C:\Program Files\MiKTeX 2.9\tex\generic\pgf\libraries\pgflibraryfpu.code.tex"
)
Package pgfplots: loading complementary arithmetics for your pgf version...

("C:\Program Files\MiKTeX 2.9\tex\generic\pgfplots\oldpgfcompatib\pgfplotsoldpg
fsupp_pgflibraryfpu.code.tex")
("C:\Program Files\MiKTeX 2.9\tex\generic\pgfplots\oldpgfcompatib\pgfplotsoldpg
fsupp_pgfmathfloat.code.tex"
\c@pgfmathroundto@lastzeros=\count168
))
("C:\Program Files\MiKTeX 2.9\tex\generic\pgfplots\util\pgfplotsutil.code.tex"
("C:\Program Files\MiKTeX 2.9\tex\generic\pgfplots\liststructure\pgfplotslistst
ructure.code.tex")
("C:\Program Files\MiKTeX 2.9\tex\generic\pgfplots\liststructure\pgfplotslistst
ructureext.code.tex")
("C:\Program Files\MiKTeX 2.9\tex\generic\pgfplots\liststructure\pgfplotsarray.
code.tex"
\c@pgfplotsarray@tmp=\count169
)
("C:\Program Files\MiKTeX 2.9\tex\generic\pgfplots\liststructure\pgfplotsmatrix
.code.tex")
("C:\Program Files\MiKTeX 2.9\tex\generic\pgfplots\numtable\pgfplotstableshared
.code.tex"
\c@pgfplotstable@counta=\count170
\t@pgfplotstable@a=\toks56
)
("C:\Program Files\MiKTeX 2.9\tex\generic\pgfplots\liststructure\pgfplotsdeque.
code.tex")
("C:\Program Files\MiKTeX 2.9\tex\generic\pgfplots\util\pgfplotsbinary.code.tex
"
("C:\Program Files\MiKTeX 2.9\tex\generic\pgfplots\util\pgfplotsbinary.data.cod
e.tex"))
("C:\Program Files\MiKTeX 2.9\tex\generic\pgfplots\util\pgfplotsutil.verb.code.
tex")
("C:\Program Files\MiKTeX 2.9\tex\generic\pgfplots\libs\pgflibrarypgfplots.surf
shading.code.tex"
\c@pgfplotslibrarysurf@no=\count171

("C:\Program Files\MiKTeX 2.9\tex\generic\pgfplots\sys\pgflibrarypgfplots.surfs
hading.pgfsys-pdftex.def")))
("C:\Program Files\MiKTeX 2.9\tex\generic\pgfplots\util\pgfplotscolormap.code.t
ex"
("C:\Program Files\MiKTeX 2.9\tex\generic\pgfplots\util\pgfplotscolor.code.tex"
))
("C:\Program Files\MiKTeX 2.9\tex\generic\pgfplots\pgfplotsstackedplots.code.te
x")
("C:\Program Files\MiKTeX 2.9\tex\generic\pgfplots\pgfplotsplothandlers.code.te
x"
("C:\Program Files\MiKTeX 2.9\tex\generic\pgfplots\pgfplotsmeshplothandler.code
.tex"
("C:\Program Files\MiKTeX 2.9\tex\generic\pgfplots\pgfplotsmeshplotimage.code.t
ex")))
("C:\Program Files\MiKTeX 2.9\tex\generic\pgfplots\pgfplots.scaling.code.tex")
("C:\Program Files\MiKTeX 2.9\tex\generic\pgfplots\pgfplotscoordprocessing.code
.tex")
("C:\Program Files\MiKTeX 2.9\tex\generic\pgfplots\pgfplots.errorbars.code.tex"
) ("C:\Program Files\MiKTeX 2.9\tex\generic\pgfplots\pgfplots.markers.code.tex"
) ("C:\Program Files\MiKTeX 2.9\tex\generic\pgfplots\pgfplotsticks.code.tex")
("C:\Program Files\MiKTeX 2.9\tex\generic\pgfplots\pgfplots.paths.code.tex")
("C:\Program Files\MiKTeX 2.9\tex\generic\pgf\frontendlayer\tikz\libraries\tikz
librarydecorations.code.tex"
("C:\Program Files\MiKTeX 2.9\tex\generic\pgf\modules\pgfmoduledecorations.code
.tex"
\pgfdecoratedcompleteddistance=\dimen203
\pgfdecoratedremainingdistance=\dimen204
\pgfdecoratedinputsegmentcompleteddistance=\dimen205
\pgfdecoratedinputsegmentremainingdistance=\dimen206
\pgf@decorate@distancetomove=\dimen207
\pgf@decorate@repeatstate=\count172
\pgfdecorationsegmentamplitude=\dimen208
\pgfdecorationsegmentlength=\dimen209
)
\tikz@lib@dec@box=\box73
)
("C:\Program Files\MiKTeX 2.9\tex\generic\pgf\frontendlayer\tikz\libraries\tikz
librarydecorations.pathmorphing.code.tex"
("C:\Program Files\MiKTeX 2.9\tex\generic\pgf\libraries\decorations\pgflibraryd
ecorations.pathmorphing.code.tex"))
("C:\Program Files\MiKTeX 2.9\tex\generic\pgf\frontendlayer\tikz\libraries\tikz
librarydecorations.pathreplacing.code.tex"
("C:\Program Files\MiKTeX 2.9\tex\generic\pgf\libraries\decorations\pgflibraryd
ecorations.pathreplacing.code.tex"))
\pgfplots@numplots=\count173
\pgfplots@xmin@reg=\dimen210
\pgfplots@xmax@reg=\dimen211
\pgfplots@ymin@reg=\dimen212
\pgfplots@ymax@reg=\dimen213
\pgfplots@zmin@reg=\dimen214
\pgfplots@zmax@reg=\dimen215
)
("C:\Program Files\MiKTeX 2.9\tex\generic\pgf\frontendlayer\tikz\libraries\tikz
libraryplotmarks.code.tex"
File: tikzlibraryplotmarks.code.tex 2008/01/09 v3.0.1a (rcs-revision 1.1)

("C:\Program Files\MiKTeX 2.9\tex\generic\pgf\libraries\pgflibraryplotmarks.cod
e.tex"
File: pgflibraryplotmarks.code.tex 2015/08/03 v3.0.1a (rcs-revision 1.14)
)))
("C:\Program Files\MiKTeX 2.9\tex\generic\pgfplots\libs\tikzlibrarypgfplots.pol
ar.code.tex")
("C:\Program Files\MiKTeX 2.9\tex\generic\pgfplots\libs\tikzlibrarypgfplots.fil
lbetween.code.tex"
("C:\Program Files\MiKTeX 2.9\tex\generic\pgfplots\pgfcontrib\tikzlibraryfillbe
tween.code.tex"
("C:\Program Files\MiKTeX 2.9\tex\generic\pgf\frontendlayer\tikz\libraries\tikz
libraryintersections.code.tex"
("C:\Program Files\MiKTeX 2.9\tex\generic\pgf\libraries\pgflibraryintersections
.code.tex"
\pgf@intersect@solutions=\count174
))
("C:\Program Files\MiKTeX 2.9\tex\generic\pgfplots\pgfcontrib\tikzlibrarydecora
tions.softclip.code.tex"
("C:\Program Files\MiKTeX 2.9\tex\generic\pgfplots\pgfcontrib\pgflibraryfillbet
ween.code.tex")))
("C:\Program Files\MiKTeX 2.9\tex\generic\pgfplots\libs\tikzlibrarypgfplots.dec
orations.softclip.code.tex"))
("C:\Program Files\MiKTeX 2.9\tex\generic\pgf\frontendlayer\tikz\libraries\tikz
librarydecorations.markings.code.tex"
("C:\Program Files\MiKTeX 2.9\tex\generic\pgf\libraries\decorations\pgflibraryd
ecorations.markings.code.tex"))
("C:\Program Files\MiKTeX 2.9\tex\generic\pgf\frontendlayer\tikz\libraries\tikz
librarydecorations.fractals.code.tex"
("C:\Program Files\MiKTeX 2.9\tex\generic\pgf\libraries\decorations\pgflibraryd
ecorations.fractals.code.tex"))
("C:\Program Files\MiKTeX 2.9\tex\latex\wrapfig\wrapfig.sty"
\wrapoverhang=\dimen216
\WF@size=\dimen217
\c@WF@wrappedlines=\count175
\WF@box=\box74
\WF@everypar=\toks57
Package: wrapfig 2003/01/31  v 3.6
)
("C:\Program Files\MiKTeX 2.9\tex\latex\mathtools\mathtools.sty"
Package: mathtools 2015/11/12 v1.18 mathematical typesetting tools

("C:\Program Files\MiKTeX 2.9\tex\latex\tools\calc.sty"
Package: calc 2014/10/28 v4.3 Infix arithmetic (KKT,FJ)
\calc@Acount=\count176
\calc@Bcount=\count177
\calc@Adimen=\dimen218
\calc@Bdimen=\dimen219
\calc@Askip=\skip64
\calc@Bskip=\skip65
LaTeX Info: Redefining \setlength on input line 75.
LaTeX Info: Redefining \addtolength on input line 76.
\calc@Ccount=\count178
\calc@Cskip=\skip66
)
("C:\Program Files\MiKTeX 2.9\tex\latex\mathtools\mhsetup.sty"
Package: mhsetup 2010/01/21 v1.2a programming setup (MH)
)
LaTeX Info: Thecontrolsequence`\['isalreadyrobust on input line 129.
LaTeX Info: Thecontrolsequence`\]'isalreadyrobust on input line 129.
\g_MT_multlinerow_int=\count179
\l_MT_multwidth_dim=\dimen220
\origjot=\skip67
\l_MT_shortvdotswithinadjustabove_dim=\dimen221
\l_MT_shortvdotswithinadjustbelow_dim=\dimen222
\l_MT_above_intertext_sep=\dimen223
\l_MT_below_intertext_sep=\dimen224
\l_MT_above_shortintertext_sep=\dimen225
\l_MT_below_shortintertext_sep=\dimen226
)
("C:\Program Files\MiKTeX 2.9\tex\latex\marginnote\marginnote.sty"
Package: marginnote 2012/03/29 v1.1i non floating margin notes for LaTeX
\c@mn@abspage=\count180
)
("C:\Program Files\MiKTeX 2.9\tex\latex\fancyhdr\fancyhdr.sty"
\fancy@headwidth=\skip68
\f@ncyO@elh=\skip69
\f@ncyO@erh=\skip70
\f@ncyO@olh=\skip71
\f@ncyO@orh=\skip72
\f@ncyO@elf=\skip73
\f@ncyO@erf=\skip74
\f@ncyO@olf=\skip75
\f@ncyO@orf=\skip76
)
("C:\Program Files\MiKTeX 2.9\tex\latex\draftwatermark\draftwatermark.sty"
Package: draftwatermark 2015/02/19 1.2 Put a gray textual watermark on document
 pages

("C:\Program Files\MiKTeX 2.9\tex\latex\everypage\everypage.sty"
Package: everypage 2007/06/20 1.1 Hooks to run on every page
)
\sc@wm@hcenter=\skip77
\sc@wm@vcenter=\skip78
\sc@wm@fontsize=\skip79
)
("C:\Program Files\MiKTeX 2.9\tex\latex\hyperref\hyperref.sty"
Package: hyperref 2012/11/06 v6.83m Hypertext links for LaTeX

("C:\Program Files\MiKTeX 2.9\tex\generic\oberdiek\hobsub-hyperref.sty"
Package: hobsub-hyperref 2012/04/25 v1.12 Bundle oberdiek, subset hyperref (HO)


("C:\Program Files\MiKTeX 2.9\tex\generic\oberdiek\hobsub-generic.sty"
Package: hobsub-generic 2012/04/25 v1.12 Bundle oberdiek, subset generic (HO)
Package: hobsub 2012/04/25 v1.12 Construct package bundles (HO)
Package hobsub Info: Skipping package `infwarerr' (already loaded).
Package hobsub Info: Skipping package `ltxcmds' (already loaded).
Package hobsub Info: Skipping package `ifluatex' (already loaded).
Package hobsub Info: Skipping package `ifvtex' (already loaded).
Package: intcalc 2007/09/27 v1.1 Expandable calculations with integers (HO)
Package hobsub Info: Skipping package `ifpdf' (already loaded).
Package: etexcmds 2011/02/16 v1.5 Avoid name clashes with e-TeX commands (HO)
Package etexcmds Info: Could not find \expanded.
(etexcmds)             That can mean that you are not using pdfTeX 1.50 or
(etexcmds)             that some package has redefined \expanded.
(etexcmds)             In the latter case, load this package earlier.
Package: kvsetkeys 2012/04/25 v1.16 Key value parser (HO)
Package: kvdefinekeys 2011/04/07 v1.3 Define keys (HO)
Package: pdftexcmds 2011/11/29 v0.20 Utility functions of pdfTeX for LuaTeX (HO
)
Package pdftexcmds Info: LuaTeX not detected.
Package pdftexcmds Info: \pdf@primitive is available.
Package pdftexcmds Info: \pdf@ifprimitive is available.
Package pdftexcmds Info: \pdfdraftmode found.
Package: pdfescape 2011/11/25 v1.13 Implements pdfTeX's escape features (HO)
Package: bigintcalc 2012/04/08 v1.3 Expandable calculations on big integers (HO
)
Package: bitset 2011/01/30 v1.1 Handle bit-vector datatype (HO)
Package: uniquecounter 2011/01/30 v1.2 Provide unlimited unique counter (HO)
)
Package hobsub Info: Skipping package `hobsub' (already loaded).
Package: letltxmacro 2010/09/02 v1.4 Let assignment for LaTeX macros (HO)
Package: hopatch 2011/06/24 v1.1 Wrapper for package hooks (HO)
Package: xcolor-patch 2011/01/30 xcolor patch
Package: atveryend 2011/06/30 v1.8 Hooks at the very end of document (HO)
Package atveryend Info: \enddocument detected (standard20110627).
Package: atbegshi 2011/10/05 v1.16 At begin shipout hook (HO)
Package: refcount 2011/10/16 v3.4 Data extraction from label references (HO)
Package: hycolor 2011/01/30 v1.7 Color options for hyperref/bookmark (HO)
)
("C:\Program Files\MiKTeX 2.9\tex\latex\oberdiek\auxhook.sty"
Package: auxhook 2011/03/04 v1.3 Hooks for auxiliary files (HO)
)
("C:\Program Files\MiKTeX 2.9\tex\latex\oberdiek\kvoptions.sty"
Package: kvoptions 2011/06/30 v3.11 Key value format for package options (HO)
)
\@linkdim=\dimen227
\Hy@linkcounter=\count181
\Hy@pagecounter=\count182

("C:\Program Files\MiKTeX 2.9\tex\latex\hyperref\pd1enc.def"
File: pd1enc.def 2012/11/06 v6.83m Hyperref: PDFDocEncoding definition (HO)
)
\Hy@SavedSpaceFactor=\count183

("C:\Program Files\MiKTeX 2.9\tex\latex\00miktex\hyperref.cfg"
File: hyperref.cfg 2002/06/06 v1.2 hyperref configuration of TeXLive
)
Package hyperref Info: Hyper figures OFF on input line 4443.
Package hyperref Info: Link nesting OFF on input line 4448.
Package hyperref Info: Hyper index ON on input line 4451.
Package hyperref Info: Plain pages OFF on input line 4458.
Package hyperref Info: Backreferencing OFF on input line 4463.
Package hyperref Info: Implicit mode ON; LaTeX internals redefined.
Package hyperref Info: Bookmarks ON on input line 4688.
\c@Hy@tempcnt=\count184

("C:\Program Files\MiKTeX 2.9\tex\latex\url\url.sty"
\Urlmuskip=\muskip11
Package: url 2013/09/16  ver 3.4  Verb mode for urls, etc.
)
LaTeX Info: Redefining \url on input line 5041.
\XeTeXLinkMargin=\dimen228
\Fld@menulength=\count185
\Field@Width=\dimen229
\Fld@charsize=\dimen230
Package hyperref Info: Hyper figures OFF on input line 6295.
Package hyperref Info: Link nesting OFF on input line 6300.
Package hyperref Info: Hyper index ON on input line 6303.
Package hyperref Info: backreferencing OFF on input line 6310.
Package hyperref Info: Link coloring OFF on input line 6315.
Package hyperref Info: Link coloring with OCG OFF on input line 6320.
Package hyperref Info: PDF/A mode OFF on input line 6325.
LaTeX Info: Redefining \ref on input line 6365.
LaTeX Info: Redefining \pageref on input line 6369.
\Hy@abspage=\count186
\c@Item=\count187
\c@Hfootnote=\count188
)

Package hyperref Message: Driver (autodetected): hpdftex.

("C:\Program Files\MiKTeX 2.9\tex\latex\hyperref\hpdftex.def"
File: hpdftex.def 2012/11/06 v6.83m Hyperref driver for pdfTeX
\Fld@listcount=\count189
\c@bookmark@seq@number=\count190

("C:\Program Files\MiKTeX 2.9\tex\latex\oberdiek\rerunfilecheck.sty"
Package: rerunfilecheck 2011/04/15 v1.7 Rerun checks for auxiliary files (HO)
Package uniquecounter Info: New unique counter `rerunfilecheck' on input line 2
82.
)
\Hy@SectionHShift=\skip80
)
Package hyperref Info: Option `colorlinks' set `true' on input line 63.
\c@theorem=\count191
\c@corollary=\count192
\c@lemma=\count193
\c@definition=\count194

(latex.example.aux)
LaTeX Font Info:    Checking defaults for OML/cmm/m/it on input line 72.
LaTeX Font Info:    ... okay on input line 72.
LaTeX Font Info:    Checking defaults for T1/cmr/m/n on input line 72.
LaTeX Font Info:    ... okay on input line 72.
LaTeX Font Info:    Checking defaults for OT1/cmr/m/n on input line 72.
LaTeX Font Info:    ... okay on input line 72.
LaTeX Font Info:    Checking defaults for OMS/cmsy/m/n on input line 72.
LaTeX Font Info:    ... okay on input line 72.
LaTeX Font Info:    Checking defaults for OMX/cmex/m/n on input line 72.
LaTeX Font Info:    ... okay on input line 72.
LaTeX Font Info:    Checking defaults for U/cmr/m/n on input line 72.
LaTeX Font Info:    ... okay on input line 72.
LaTeX Font Info:    Checking defaults for PD1/pdf/m/n on input line 72.
LaTeX Font Info:    ... okay on input line 72.

*geometry* driver: auto-detecting
*geometry* detected driver: pdftex
*geometry* verbose mode - [ preamble ] result:
* driver: pdftex
* paper: <default>
* layout: <same size as paper>
* layoutoffset:(h,v)=(0.0pt,0.0pt)
* modes: 
* h-part:(L,W,R)=(72.26999pt, 469.75502pt, 72.26999pt)
* v-part:(T,H,B)=(72.26999pt, 650.43001pt, 72.26999pt)
* \paperwidth=614.295pt
* \paperheight=794.96999pt
* \textwidth=469.75502pt
* \textheight=650.43001pt
* \oddsidemargin=0.0pt
* \evensidemargin=0.0pt
* \topmargin=-37.0pt
* \headheight=12.0pt
* \headsep=25.0pt
* \topskip=10.0pt
* \footskip=30.0pt
* \marginparwidth=65.0pt
* \marginparsep=11.0pt
* \columnsep=10.0pt
* \skip\footins=9.0pt plus 4.0pt minus 2.0pt
* \hoffset=0.0pt
* \voffset=0.0pt
* \mag=1000
* \@twocolumnfalse
* \@twosidefalse
* \@mparswitchfalse
* \@reversemarginfalse
* (1in=72.27pt=25.4mm, 1cm=28.453pt)

("C:\Program Files\MiKTeX 2.9\tex\latex\xpatch\xpatch.sty"
("C:\Program Files\MiKTeX 2.9\tex\latex\l3kernel\expl3.sty"
Package: expl3 2016/04/20 v6476 L3 programming layer (loader) 

("C:\Program Files\MiKTeX 2.9\tex\latex\l3kernel\expl3-code.tex"
Package: expl3 2016/04/20 v6476 L3 programming layer (code)
L3 Module: l3bootstrap 2016/02/12 v6412 L3 Bootstrap code

("C:\Program Files\MiKTeX 2.9\tex\latex\misc\etex.sty"
Package: etex 2015/03/02 v2.1 eTeX basic definition package (PEB,DPC)
\et@xins=\count195
)
L3 Module: l3names 2016/03/11 v6433 L3 Namespace for primitives
L3 Module: l3basics 2015/11/22 v6315 L3 Basic definitions
L3 Module: l3expan 2015/09/10 v5983 L3 Argument expansion
L3 Module: l3tl 2016/03/26 v6465 L3 Token lists
L3 Module: l3str 2016/03/24 v6441 L3 Strings
L3 Module: l3seq 2015/08/05 v5777 L3 Sequences and stacks
L3 Module: l3int 2016/03/24 v6441 L3 Integers
\c_max_int=\count196
\l_tmpa_int=\count197
\l_tmpb_int=\count198
\g_tmpa_int=\count199
\g_tmpb_int=\count200
L3 Module: l3quark 2015/08/17 v5855 L3 Quarks
L3 Module: l3prg 2015/11/01 v6216 L3 Control structures
\g__prg_map_int=\count201
L3 Module: l3clist 2015/09/02 v5901 L3 Comma separated lists
L3 Module: l3token 2016/04/03 v6470 L3 Experimental token manipulation
L3 Module: l3prop 2016/01/05 v6366 L3 Property lists
L3 Module: l3msg 2016/03/26 v6464 L3 Messages
L3 Module: l3file 2016/03/25 v6458 L3 File and I/O operations
Normal \count register pool exhausted, switching to extended pool.
\l_iow_line_count_int=\count277
\l__iow_target_count_int=\count278
\l__iow_current_line_int=\count279
\l__iow_current_word_int=\count280
\l__iow_current_indentation_int=\count281
L3 Module: l3skip 2016/01/05 v6366 L3 Dimensions and skips
Normal \dimen register pool exhausted, switching to extended pool.
\c_zero_dim=\dimen256
\c_max_dim=\dimen257
\l_tmpa_dim=\dimen258
\l_tmpb_dim=\dimen259
\g_tmpa_dim=\dimen260
\g_tmpb_dim=\dimen261
\c_zero_skip=\skip81
\c_max_skip=\skip82
\l_tmpa_skip=\skip83
\l_tmpb_skip=\skip84
\g_tmpa_skip=\skip85
\g_tmpb_skip=\skip86
\c_zero_muskip=\muskip12
\c_max_muskip=\muskip13
\l_tmpa_muskip=\muskip14
\l_tmpb_muskip=\muskip15
\g_tmpa_muskip=\muskip16
\g_tmpb_muskip=\muskip17
L3 Module: l3keys 2015/11/17 v6284 L3 Key-value interfaces
\g__keyval_level_int=\count282
\l_keys_choice_int=\count283
L3 Module: l3fp 2016/03/26 v6465 L3 Floating points
\c__fp_leading_shift_int=\count284
\c__fp_middle_shift_int=\count285
\c__fp_trailing_shift_int=\count286
\c__fp_big_leading_shift_int=\count287
\c__fp_big_middle_shift_int=\count288
\c__fp_big_trailing_shift_int=\count289
\c__fp_Bigg_leading_shift_int=\count290
\c__fp_Bigg_middle_shift_int=\count291
\c__fp_Bigg_trailing_shift_int=\count292
L3 Module: l3box 2015/08/09 v5822 L3 Experimental boxes
\c_empty_box=\box75
\l_tmpa_box=\box76
\l_tmpb_box=\box77
\g_tmpa_box=\box78
\g_tmpb_box=\box79
L3 Module: l3coffins 2016/03/24 v6440 L3 Coffin code layer
\l__coffin_internal_box=\box80
\l__coffin_internal_dim=\dimen262
\l__coffin_offset_x_dim=\dimen263
\l__coffin_offset_y_dim=\dimen264
\l__coffin_x_dim=\dimen265
\l__coffin_y_dim=\dimen266
\l__coffin_x_prime_dim=\dimen267
\l__coffin_y_prime_dim=\dimen268
\c_empty_coffin=\box81
\l__coffin_aligned_coffin=\box82
\l__coffin_aligned_internal_coffin=\box83
\l_tmpa_coffin=\box84
\l_tmpb_coffin=\box85
\l__coffin_display_coffin=\box86
\l__coffin_display_coord_coffin=\box87
\l__coffin_display_pole_coffin=\box88
\l__coffin_display_offset_dim=\dimen269
\l__coffin_display_x_dim=\dimen270
\l__coffin_display_y_dim=\dimen271
L3 Module: l3color 2014/08/23 v5354 L3 Experimental color support
L3 Module: l3sys 2015/09/25 v6087 L3 Experimental system/runtime functions
L3 Module: l3candidates 2016/03/25 v6456 L3 Experimental additions to l3kernel
\l__box_top_dim=\dimen272
\l__box_bottom_dim=\dimen273
\l__box_left_dim=\dimen274
\l__box_right_dim=\dimen275
\l__box_top_new_dim=\dimen276
\l__box_bottom_new_dim=\dimen277
\l__box_left_new_dim=\dimen278
\l__box_right_new_dim=\dimen279
\l__box_internal_box=\box89
\l__coffin_bounding_shift_dim=\dimen280
\l__coffin_left_corner_dim=\dimen281
\l__coffin_right_corner_dim=\dimen282
\l__coffin_bottom_corner_dim=\dimen283
\l__coffin_top_corner_dim=\dimen284
\l__coffin_scaled_total_height_dim=\dimen285
\l__coffin_scaled_width_dim=\dimen286
L3 Module: l3luatex 2016/03/26 v6465 L3 Experimental LuaTeX-specific functions
)
("C:\Program Files\MiKTeX 2.9\tex\latex\l3kernel\l3pdfmode.def"
File: l3pdfmode.def 2016/03/26 v6465 L3 Experimental driver: PDF mode
\l__driver_color_stack_int=\count293
))
Package: xpatch 2012/10/02 v0.3 Extending etoolbox patching commands

("C:\Program Files\MiKTeX 2.9\tex\latex\l3packages\xparse\xparse.sty"
Package: xparse 2016/04/20 v6476 L3 Experimental document command parser
\l__xparse_current_arg_int=\count294
\l__xparse_m_args_int=\count295
\l__xparse_mandatory_args_int=\count296
\l__xparse_processor_int=\count297
\l__xparse_v_nesting_int=\count298
)
("C:\Program Files\MiKTeX 2.9\tex\latex\etoolbox\etoolbox.sty"
Package: etoolbox 2015/08/02 v2.2a e-TeX tools for LaTeX (JAW)
\etb@tempcnta=\count299
)
.................................................
. LaTeX info: "xparse/define-command"
. 
. Defining command \xpatchcmd with sig. '' on line 125.
.................................................
.................................................
. LaTeX info: "xparse/define-command"
. 
. Defining command \xpretocmd with sig. '' on line 126.
.................................................
.................................................
. LaTeX info: "xparse/define-command"
. 
. Defining command \xapptocmd with sig. '' on line 127.
.................................................
.................................................
. LaTeX info: "xparse/define-command"
. 
. Defining command \xshowcmd with sig. '' on line 128.
.................................................
.................................................
. LaTeX info: "xparse/define-command"
. 
. Defining command \xpatchbibmacro with sig. 'm' on line 131.
.................................................
.................................................
. LaTeX info: "xparse/define-command"
. 
. Defining command \xpretobibmacro with sig. 'm' on line 133.
.................................................
.................................................
. LaTeX info: "xparse/define-command"
. 
. Defining command \xapptobibmacro with sig. 'm' on line 135.
.................................................
.................................................
. LaTeX info: "xparse/define-command"
. 
. Defining command \xshowbibmacro with sig. 'm' on line 137.
.................................................
.................................................
. LaTeX info: "xparse/define-command"
. 
. Defining command \xpatchfieldformat with sig. 'O{*}m' on line 139.
.................................................
.................................................
. LaTeX info: "xparse/define-command"
. 
. Defining command \xpretofieldformat with sig. 'O{*}m' on line 141.
.................................................
.................................................
. LaTeX info: "xparse/define-command"
. 
. Defining command \xapptofieldformat with sig. 'O{*}m' on line 143.
.................................................
.................................................
. LaTeX info: "xparse/define-command"
. 
. Defining command \xshowfieldformat with sig. 'O{*}m' on line 145.
.................................................
.................................................
. LaTeX info: "xparse/define-command"
. 
. Defining command \xpatchnameformat with sig. 'O{*}m' on line 147.
.................................................
.................................................
. LaTeX info: "xparse/define-command"
. 
. Defining command \xpretonameformat with sig. 'O{*}m' on line 149.
.................................................
.................................................
. LaTeX info: "xparse/define-command"
. 
. Defining command \xapptonameformat with sig. 'O{*}m' on line 151.
.................................................
.................................................
. LaTeX info: "xparse/define-command"
. 
. Defining command \xshownameformat with sig. 'O{*}m' on line 153.
.................................................
.................................................
. LaTeX info: "xparse/define-command"
. 
. Defining command \xpatchlistformat with sig. 'O{*}m' on line 155.
.................................................
.................................................
. LaTeX info: "xparse/define-command"
. 
. Defining command \xpretolistformat with sig. 'O{*}m' on line 157.
.................................................
.................................................
. LaTeX info: "xparse/define-command"
. 
. Defining command \xapptolistformat with sig. 'O{*}m' on line 159.
.................................................
.................................................
. LaTeX info: "xparse/define-command"
. 
. Defining command \xshowlistformat with sig. 'O{*}m' on line 161.
.................................................
.................................................
. LaTeX info: "xparse/define-command"
. 
. Defining command \xpatchindexfieldformat with sig. 'O{*}m' on line 163.
.................................................
.................................................
. LaTeX info: "xparse/define-command"
. 
. Defining command \xpretoindexfieldformat with sig. 'O{*}m' on line 165.
.................................................
.................................................
. LaTeX info: "xparse/define-command"
. 
. Defining command \xapptoindexfieldformat with sig. 'O{*}m' on line 167.
.................................................
.................................................
. LaTeX info: "xparse/define-command"
. 
. Defining command \xshowindexfieldformat with sig. 'O{*}m' on line 169.
.................................................
.................................................
. LaTeX info: "xparse/define-command"
. 
. Defining command \xpatchindexnameformat with sig. 'O{*}m' on line 171.
.................................................
.................................................
. LaTeX info: "xparse/define-command"
. 
. Defining command \xpretoindexnameformat with sig. 'O{*}m' on line 173.
.................................................
.................................................
. LaTeX info: "xparse/define-command"
. 
. Defining command \xapptoindexnameformat with sig. 'O{*}m' on line 175.
.................................................
.................................................
. LaTeX info: "xparse/define-command"
. 
. Defining command \xshowindexnameformat with sig. 'O{*}m' on line 177.
.................................................
.................................................
. LaTeX info: "xparse/define-command"
. 
. Defining command \xpatchindexlistformat with sig. 'O{*}m' on line 179.
.................................................
.................................................
. LaTeX info: "xparse/define-command"
. 
. Defining command \xpretoindexlistformat with sig. 'O{*}m' on line 181.
.................................................
.................................................
. LaTeX info: "xparse/define-command"
. 
. Defining command \xappindextolistformat with sig. 'O{*}m' on line 183.
.................................................
.................................................
. LaTeX info: "xparse/define-command"
. 
. Defining command \xshowindexlistformat with sig. 'O{*}m' on line 185.
.................................................
.................................................
. LaTeX info: "xparse/define-command"
. 
. Defining command \xpatchbibdriver with sig. 'm' on line 187.
.................................................
.................................................
. LaTeX info: "xparse/define-command"
. 
. Defining command \xpretobibdriver with sig. 'm' on line 189.
.................................................
.................................................
. LaTeX info: "xparse/define-command"
. 
. Defining command \xapptobibdriver with sig. 'm' on line 191.
.................................................
.................................................
. LaTeX info: "xparse/define-command"
. 
. Defining command \xshowbibdriver with sig. 'm' on line 193.
.................................................
)
ABD: EveryShipout initializing macros
("C:\Program Files\MiKTeX 2.9\tex\context\base\supp-pdf.mkii"
[Loading MPS to PDF converter (version 2006.09.02).]
\scratchcounter=\count300
\scratchdimen=\dimen287
\scratchbox=\box90
\nofMPsegments=\count301
\nofMParguments=\count302
\everyMPshowfont=\toks58
\MPscratchCnt=\count303
\MPscratchDim=\dimen288
\MPnumerator=\count304
\makeMPintoPDFobject=\count305
\everyMPtoPDFconversion=\toks59
)
Package pgfplots notification 'compat/show suggested version=true': document ha
s been generated with the most recent feature set (\pgfplotsset{compat=1.13}).

Package marginnote Info: \pdfoutput not 0 and \pdflastxpos available.
(marginnote)             Extended position detection mode activated.
\AtBeginShipoutBox=\box91
Package hyperref Info: Link coloring ON on input line 72.
("C:\Program Files\MiKTeX 2.9\tex\latex\hyperref\nameref.sty"
Package: nameref 2012/10/27 v2.43 Cross-referencing by name of section

("C:\Program Files\MiKTeX 2.9\tex\generic\oberdiek\gettitlestring.sty"
Package: gettitlestring 2010/12/03 v1.4 Cleanup title references (HO)
)
\c@section@level=\count306
)
LaTeX Info: Redefining \ref on input line 72.
LaTeX Info: Redefining \pageref on input line 72.
LaTeX Info: Redefining \nameref on input line 72.

(latex.example.out) (latex.example.out)
\@outlinefile=\write6
LaTeX Font Info:    Try loading font information for U+msa on input line 78.

("C:\Program Files\MiKTeX 2.9\tex\latex\amsfonts\umsa.fd"
File: umsa.fd 2013/01/14 v3.01 AMS symbols A
)
LaTeX Font Info:    Try loading font information for U+msb on input line 78.

("C:\Program Files\MiKTeX 2.9\tex\latex\amsfonts\umsb.fd"
File: umsb.fd 2013/01/14 v3.01 AMS symbols B
)

LaTeX Font Warning: Font shape `OT1/cmr/m/n' in size <142.26378> not available
(Font)              size <24.88> substituted on input line 82.

<MAClogo-Small.png, id=370, 226.59656pt x 104.64093pt>
File: MAClogo-Small.png Graphic file (type png)
 <use MAClogo-Small.png>
Package pdftex.def Info: MAClogo-Small.png used on input line 82.
(pdftex.def)             Requested size: 226.596pt x 104.64066pt.

[1

{C:/ProgramData/MiKTeX/2.9/pdftex/config/pdftex.map} <./MAClogo-Small.png>]
(latex.example.toc
File: MAClogo-Small.png Graphic file (type png)
 <use MAClogo-Small.png>
Package pdftex.def Info: MAClogo-Small.png used on input line 51.
(pdftex.def)             Requested size: 226.596pt x 104.64066pt.
pdfTeX warning (ext4): destination with the same identifier (name{page.1}) has 
been already used, duplicate ignored
<to be read again> 
                   \relax 
l.51 ...berline {3.10}Arrays}{17}{subsection.3.10}
                                                   [1])
\tf@toc=\write7
 (latex.example.lof)
\tf@lof=\write8
File: MAClogo-Small.png Graphic file (type png)

<use MAClogo-Small.png>
Package pdftex.def Info: MAClogo-Small.png used on input line 87.
(pdftex.def)             Requested size: 226.596pt x 104.64066pt.
 [2]
Overfull \hbox (72.1092pt too wide) in paragraph at lines 153--153
[]\OT1/cmtt/m/n/10 This produces text and graphics that are left-aligned.[] 
 []


Overfull \hbox (77.35916pt too wide) in paragraph at lines 156--156
[]\OT1/cmtt/m/n/10 This produces text and graphics that are right-aligned.[] 
 []


Overfull \hbox (98.35898pt too wide) in paragraph at lines 162--162
[]\OT1/cmtt/m/n/10 This command centers all text and graphics that follows it,[
] 
 []


Overfull \hbox (98.35898pt too wide) in paragraph at lines 163--163
[]    \OT1/cmtt/m/n/10 until the environment the command is in ends or until a[
] 
 []


Overfull \hbox (72.1092pt too wide) in paragraph at lines 164--164
[]    \OT1/cmtt/m/n/10 different text alignment command is specified.\\\\[] 
 []


Overfull \hbox (56.35934pt too wide) in paragraph at lines 166--166
[]\OT1/cmtt/m/n/10 This command right-aligns all text that follows it,[] 
 []


Overfull \hbox (98.35898pt too wide) in paragraph at lines 167--167
[]    \OT1/cmtt/m/n/10 until the environment the command is in ends or until a[
] 
 []


Overfull \hbox (72.1092pt too wide) in paragraph at lines 168--168
[]    \OT1/cmtt/m/n/10 different text alignment command is specified.\\\\[] 
 []


Overfull \hbox (51.10939pt too wide) in paragraph at lines 170--170
[]\OT1/cmtt/m/n/10 This command left-aligns all text that follows it,[] 
 []


Overfull \hbox (98.35898pt too wide) in paragraph at lines 171--171
[]    \OT1/cmtt/m/n/10 until the environment the command is in ends or until a[
] 
 []


Overfull \hbox (51.10939pt too wide) in paragraph at lines 172--172
[]    \OT1/cmtt/m/n/10 different text alignment command is specified.[] 
 []

File: MAClogo-Small.png Graphic file (type png)
<use MAClogo-Small.png>
Package pdftex.def Info: MAClogo-Small.png used on input line 175.
(pdftex.def)             Requested size: 226.596pt x 104.64066pt.
 [3

]
Package marginnote Info: Margin note 5.1 is on absolute page 6
(marginnote)              on input line 196.
Package marginnote Info: right page because not two side mode on input line 196
.
Package marginnote Info: xpos seems to be 72.26999pt,
(marginnote)             \marginnoterightadjust ignored on input line 196.
Package marginnote Info: Margin note 5.2 is on absolute page 6
(marginnote)              on input line 198.
Package marginnote Info: right page because not two side mode on input line 198
.
Package marginnote Info: xpos seems to be 72.26999pt,
(marginnote)             \marginnoteleftadjust ignored on input line 198.
File: MAClogo-Small.png Graphic file (type png)
 <use MAClogo-Small.png>
Package pdftex.def Info: MAClogo-Small.png used on input line 199.
(pdftex.def)             Requested size: 226.596pt x 104.64066pt.
 [4]

LaTeX Warning: Characters dropped after `\end{verbatim}' on input line 204.


Overfull \hbox (13.07614pt too wide) in paragraph at lines 208--227
\OT1/cmr/m/n/10 Load []\OT1/cmtt/m/n/10 \usepackage{setspace}\OT1/cmr/m/n/10 , 
this pro-vides the en-vi-ron-ments []\OT1/cmtt/m/n/10 singlespace\OT1/cmr/m/n/1
0 , []\OT1/cmtt/m/n/10 onehalfspace\OT1/cmr/m/n/10 , and []\OT1/cmtt/m/n/10 dou
blespace\OT1/cmr/m/n/10 . 
 []


Underfull \hbox (badness 10000) in paragraph at lines 229--233

 []


Overfull \hbox (24.85962pt too wide) in paragraph at lines 237--237
[]\OT1/cmtt/m/n/10 The double forward slash starts a new line.\\ 
 []


Overfull \hbox (93.10902pt too wide) in paragraph at lines 240--240
[]\OT1/cmtt/m/n/10 The newline command also\newline starts a new \quad{}line.[]
 
 []


Underfull \hbox (badness 10000) in paragraph at lines 228--244

 []


LaTeX Warning: `!h' float specifier changed to `!ht'.


Underfull \hbox (badness 10000) in paragraph at lines 264--268

 []


Underfull \hbox (badness 10000) in paragraph at lines 264--268

 []

File: MAClogo-Small.png Graphic file (type png)
<use MAClogo-Small.png>
Package pdftex.def Info: MAClogo-Small.png used on input line 268.
(pdftex.def)             Requested size: 226.596pt x 104.64066pt.
 [5]
Overfull \hbox (47.04967pt too wide) in paragraph at lines 287--288
\OT1/cmr/m/n/10 The word "ab-stract" is printed above the ab-stract, to ei-ther
 change or clear this use []\OT1/cmtt/m/n/10 \renewcommand{\abstractname}{}\OT1
/cmr/m/n/10 . 
 []

File: MAClogo-Small.png Graphic file (type png)
<use MAClogo-Small.png>
Package pdftex.def Info: MAClogo-Small.png used on input line 298.
(pdftex.def)             Requested size: 226.596pt x 104.64066pt.
 [6]
Underfull \hbox (badness 10000) in paragraph at lines 334--336

 []

File: MAClogo-Small.png Graphic file (type png)
<use MAClogo-Small.png>
Package pdftex.def Info: MAClogo-Small.png used on input line 336.
(pdftex.def)             Requested size: 226.596pt x 104.64066pt.
 [7]
Overfull \hbox (108.85889pt too wide) in paragraph at lines 362--362
[]\OT1/cmtt/m/n/10 Sample main body text.\cite{1,label} Sample text.\cite{roger
} 
 []


LaTeX Warning: `!h' float specifier changed to `!ht'.


Underfull \hbox (badness 10000) in paragraph at lines 392--395

 []


Underfull \hbox (badness 10000) in paragraph at lines 390--404

 []

File: MAClogo-Small.png Graphic file (type png)
<use MAClogo-Small.png>
Package pdftex.def Info: MAClogo-Small.png used on input line 404.
(pdftex.def)             Requested size: 226.596pt x 104.64066pt.
 [8]
Overfull \hbox (30.10957pt too wide) in paragraph at lines 418--418
[]\OT1/cmtt/m/n/10 &\boxed{\lim_{x \to 2^+}e^{\frac{3}{2-x}}=0}\\[] 
 []

\c@ProbNum=\count307

Underfull \hbox (badness 10000) in paragraph at lines 426--459

 []


Underfull \hbox (badness 10000) in paragraph at lines 426--459

 []


Overfull \hbox (23.07523pt too wide) in paragraph at lines 426--459
[]\OT1/cmtt/m/n/10 \newcounter{Name of Counter} \OT1/cmr/m/n/10 de-fines the co
unter's name, []\OT1/cmtt/m/n/10 \setcounter{Name of Counter}{Initial Value}
 []


Overfull \hbox (35.62357pt too wide) in paragraph at lines 426--459
\OT1/cmr/m/n/10 sets the ini-tial value of the counter. To in-cre-ment a counte
r you can ei-ther use []\OT1/cmtt/m/n/10 \addtocounter{Name of Counter}{n}
 []

File: MAClogo-Small.png Graphic file (type png)
<use MAClogo-Small.png>
Package pdftex.def Info: MAClogo-Small.png used on input line 459.
(pdftex.def)             Requested size: 226.596pt x 104.64066pt.
 [9]
Underfull \hbox (badness 10000) in paragraph at lines 462--473

 []


Overfull \hbox (24.85962pt too wide) in paragraph at lines 483--483
[]\OT1/cmtt/m/n/10 x^3-6x^2+11x-6=\polyfactorize{x^3-6x^2+11x-6}[] 
 []


Underfull \hbox (badness 10000) in paragraph at lines 474--487

 []


Overfull \hbox (30.10957pt too wide) in paragraph at lines 516--516
[]\OT1/cmtt/m/n/10 {\ensuremath{\displaystyle\lim_{#1\to#2}{#3}}}[] 
 []


Overfull \hbox (45.85944pt too wide) in paragraph at lines 519--519
[]\OT1/cmtt/m/n/10 {\ensuremath{\displaystyle\int_{#2}^{#3}#4\,d#1}}[] 
 []


Underfull \hbox (badness 10000) in paragraph at lines 498--524

 []


Underfull \hbox (badness 10000) in paragraph at lines 498--524

 []

File: MAClogo-Small.png Graphic file (type png)
<use MAClogo-Small.png>
Package pdftex.def Info: MAClogo-Small.png used on input line 524.
(pdftex.def)             Requested size: 226.596pt x 104.64066pt.
 [10]

LaTeX Warning: `!h' float specifier changed to `!ht'.


Overfull \hbox (3.8598pt too wide) in paragraph at lines 588--588
[]    \OT1/cmtt/m/n/10 $\frac{n!}{k!(n-k)!}=\binom{n}{k}$.\\[] 
 []


Overfull \hbox (66.85925pt too wide) in paragraph at lines 590--590
[]    \OT1/cmtt/m/n/10 $\displaystyle \frac{n!}{k!(n-k)!}=\binom{n}{k}.$[] 
 []


Underfull \hbox (badness 10000) in paragraph at lines 572--594

 []


Underfull \hbox (badness 10000) in paragraph at lines 572--594

 []

File: MAClogo-Small.png Graphic file (type png)
<use MAClogo-Small.png>
Package pdftex.def Info: MAClogo-Small.png used on input line 594.
(pdftex.def)             Requested size: 226.596pt x 104.64066pt.
 [11]
Overfull \hbox (3.8598pt too wide) in paragraph at lines 654--654
[]\OT1/cmtt/m/n/10 We evaluate \eqref{eq:1} from $0$ to $x$.[] 
 []


Overfull \hbox (35.35953pt too wide) in paragraph at lines 655--655
[]\OT1/cmtt/m/n/10 On page \pageref{eq:2} we see that \eqref{eq:2}[] 
 []


Overfull \hbox (42.4159pt too wide) in paragraph at lines 636--660
\OT1/cmr/m/n/10 bel an equa-tion use []\OT1/cmtt/m/n/10 \begin{equation}...\end
{equation}\OT1/cmr/m/n/10 , or to la-bel \OT1/cmr/m/it/10 ev-ery \OT1/cmr/m/n/1
0 line use []\OT1/cmtt/m/n/10 \begin{align}...\end{align}\OT1/cmr/m/n/10 . 
 []


Underfull \hbox (badness 10000) in paragraph at lines 636--660

 []

File: MAClogo-Small.png Graphic file (type png)
<use MAClogo-Small.png>
Package pdftex.def Info: MAClogo-Small.png used on input line 660.
(pdftex.def)             Requested size: 226.596pt x 104.64066pt.
 [12]
Overfull \hbox (56.35934pt too wide) in paragraph at lines 675--675
[]\OT1/cmtt/m/n/10 Notice that there is no blank vertical spacing now.[] 
 []


Overfull \hbox (56.35934pt too wide) in paragraph at lines 679--679
[]\OT1/cmtt/m/n/10 Notice that there is no blank vertical spacing now.[] 
 []


Underfull \hbox (badness 10000) in paragraph at lines 661--682

 []


Overfull \hbox (14.35971pt too wide) in paragraph at lines 722--722
[]\OT1/cmtt/m/n/10 Assume that $\sqrt{2}\in\mathbb{Q}$ so that[] 
 []


Overfull \hbox (30.10957pt too wide) in paragraph at lines 723--723
[]\OT1/cmtt/m/n/10 $\sqrt{2}=\dfrac{a}{b}$, where $a$ and $b$ are[] 
 []


Overfull \hbox (82.60912pt too wide) in paragraph at lines 724--724
[]\OT1/cmtt/m/n/10 relatively prime (i.e. the fraction is in lowest-terms).[] 
 []


Overfull \hbox (93.10902pt too wide) in paragraph at lines 732--732
[]\OT1/cmtt/m/n/10 Since $2|a$ and $2|b$ this contradicts the assumption that[]
 
 []


Underfull \hbox (badness 10000) in paragraph at lines 690--742

 []


Underfull \hbox (badness 10000) in paragraph at lines 690--742

 []

File: MAClogo-Small.png Graphic file (type png)
<use MAClogo-Small.png>
Package pdftex.def Info: MAClogo-Small.png used on input line 742.
(pdftex.def)             Requested size: 226.596pt x 104.64066pt.
 [13]

Package amsthm Warning: Unknown theoremstyle `Option' on input line 759.


Underfull \hbox (badness 10000) in paragraph at lines 759--779

 []

LaTeX Font Info:    Try loading font information for OMS+cmr on input line 783.

("C:\Program Files\MiKTeX 2.9\tex\latex\base\omscmr.fd"
File: omscmr.fd 2014/09/29 v2.5h Standard LaTeX font definitions
)
LaTeX Font Info:    Font shape `OMS/cmr/m/n' in size <10> not available
(Font)              Font shape `OMS/cmsy/m/n' tried instead on input line 783.

Underfull \hbox (badness 10000) in paragraph at lines 780--840

 []


Underfull \hbox (badness 10000) in paragraph at lines 780--840

 []


Underfull \hbox (badness 10000) in paragraph at lines 780--840

 []

File: MAClogo-Small.png Graphic file (type png)
<use MAClogo-Small.png>
Package pdftex.def Info: MAClogo-Small.png used on input line 840.
(pdftex.def)             Requested size: 226.596pt x 104.64066pt.
 [14]

LaTeX Warning: Characters dropped after `\end{verbatim}' on input line 851.


Overfull \hbox (9.10976pt too wide) in paragraph at lines 862--862
[]\OT1/cmtt/m/n/10 Most anything can be placed in a minipage,[] 
 []


Underfull \hbox (badness 10000) in paragraph at lines 854--870

 []


Underfull \hbox (badness 10000) in paragraph at lines 854--870

 []

File: MAClogo-Small.png Graphic file (type png)
<use MAClogo-Small.png>
Package pdftex.def Info: MAClogo-Small.png used on input line 870.
(pdftex.def)             Requested size: 226.596pt x 104.64066pt.
 [15]
Underfull \hbox (badness 10000) in paragraph at lines 871--888

 []

<cyls1.png, id=682, 401.5pt x 401.5pt>
File: cyls1.png Graphic file (type png)
 <use cyls1.png>
Package pdftex.def Info: cyls1.png used on input line 892.
(pdftex.def)             Requested size: 120.45091pt x 120.45091pt.

<intersectCyls1.png, id=683, 401.5pt x 401.5pt>
File: intersectCyls1.png Graphic file (type png)
 <use intersectCyls1.png>
Package pdftex.def Info: intersectCyls1.png used on input line 893.
(pdftex.def)             Requested size: 120.45091pt x 120.45091pt.


LaTeX Warning: Characters dropped after `\end{verbatim}' on input line 903.


Underfull \hbox (badness 10000) in paragraph at lines 904--905

 []


Underfull \hbox (badness 10000) in paragraph at lines 904--905

 []


Overfull \hbox (19.71489pt too wide) in paragraph at lines 917--918
\OT1/cmr/m/n/10 The gen-eral form for im-port-ing graph-ics is []\OT1/cmtt/m/n/
10 \includegraphics[option1,option2,...]{file name.extension}\OT1/cmr/m/n/10 .
 []


Underfull \hbox (badness 10000) in paragraph at lines 917--918

 []

File: MAClogo-Small.png Graphic file (type png)
<use MAClogo-Small.png>
Package pdftex.def Info: MAClogo-Small.png used on input line 918.
(pdftex.def)             Requested size: 226.596pt x 104.64066pt.
 [16 <./cyls1.png (PNG copy)> <./intersectCyls1.png (PNG copy)>]
File: MAClogo-Small.png Graphic file (type png)
 <use MAClogo-Small.png>
Package pdftex.def Info: MAClogo-Small.png used on input line 944.
(pdftex.def)             Requested size: 67.97948pt x 31.3925pt.

Underfull \hbox (badness 2799) in paragraph at lines 941--946
\OT1/cmr/m/n/10 tun auf neues solle eia knulp jetzt denkt
 []


Underfull \hbox (badness 10000) in paragraph at lines 946--948
[]\OT1/cmr/m/n/10 Nah ort flo bis
 []


Underfull \hbox (badness 10000) in paragraph at lines 946--948
\OT1/cmr/m/n/10 vor-mit-tags nach-
 []


Underfull \hbox (badness 10000) in paragraph at lines 946--948
\OT1/cmr/m/n/10 mit-tag hal-bof-fene
 []


Underfull \hbox (badness 10000) in paragraph at lines 946--948
\OT1/cmr/m/n/10 wahrhaftig. Ige
 []


Underfull \hbox (badness 10000) in paragraph at lines 946--948
\OT1/cmr/m/n/10 wer vielle-icht alt
 []


Overfull \hbox (66.85925pt too wide) in paragraph at lines 951--951
[]\OT1/cmtt/m/n/10 Hab fur ihre soll also eile flei. Tat was tod namlich 
 []


Overfull \hbox (72.1092pt too wide) in paragraph at lines 952--952
[]\OT1/cmtt/m/n/10 lustige gro kapelle. Geh sei dazwischen sag ubelnehmen[] 
 []


Overfull \hbox (77.35916pt too wide) in paragraph at lines 953--953
[]\OT1/cmtt/m/n/10 hoffnungen nur. Nur tun auf neues solle eia knulp jetzt[] 
 []


Overfull \hbox (77.35916pt too wide) in paragraph at lines 954--954
[]\OT1/cmtt/m/n/10 denkt einem. Zierliche senkrecht ort naturlich hab blo.[] 
 []


Overfull \hbox (35.35953pt too wide) in paragraph at lines 956--956
[]\OT1/cmtt/m/n/10 \includegraphics[scale=0.3,]{MAClogo-Small.png}[] 
 []


Overfull \hbox (40.60948pt too wide) in paragraph at lines 959--959
[]\OT1/cmtt/m/n/10 Nah ort flo bis vormittags nachmittag halboffene[] 
 []


Overfull \hbox (93.10902pt too wide) in paragraph at lines 960--960
[]\OT1/cmtt/m/n/10 wahrhaftig. Ige vergnugt lie schmalen kollegen. Verstehsts[]
 
 []


Overfull \hbox (82.60912pt too wide) in paragraph at lines 961--961
[]\OT1/cmtt/m/n/10 wer vielleicht alt ordentlich gerbersteg bin hufschmied.[] 
 []


Underfull \hbox (badness 10000) in paragraph at lines 939--965

 []


Overfull \hbox (114.54132pt too wide) in paragraph at lines 966--984
\OT1/cmr/m/n/10 An ar-ray must be put in a math en-vi-ron-ment, each cell is pr
inted in math mode as well. $[]$
 []


Underfull \hbox (badness 10000) in paragraph at lines 966--984

 []


Overfull \hbox (19.60966pt too wide) in paragraph at lines 999--999
[]\OT1/cmtt/m/n/10 \vdots & \vdots & \vdots & \ddots & \vdots\\[] 
 []


Underfull \hbox (badness 10000) in paragraph at lines 985--1005

 []


Underfull \hbox (badness 10000) in paragraph at lines 985--1005

 []

File: MAClogo-Small.png Graphic file (type png)
<use MAClogo-Small.png>
Package pdftex.def Info: MAClogo-Small.png used on input line 1005.
(pdftex.def)             Requested size: 226.596pt x 104.64066pt.
 [17]

LaTeX Warning: Characters dropped after `\end{verbatim}' on input line 1052.


Underfull \hbox (badness 10000) in paragraph at lines 1053--1071

 []

File: MAClogo-Small.png Graphic file (type png)
<use MAClogo-Small.png>
Package pdftex.def Info: MAClogo-Small.png used on input line 1071.
(pdftex.def)             Requested size: 226.596pt x 104.64066pt.
 [18]

LaTeX Warning: Characters dropped after `\end{verbatim}' on input line 1091.


Overfull \hbox (56.97067pt too wide) in paragraph at lines 1097--1117
 [][] 
 []


LaTeX Warning: `h' float specifier changed to `ht'.


Underfull \hbox (badness 10000) in paragraph at lines 1120--1152

 []


Underfull \hbox (badness 10000) in paragraph at lines 1120--1152

 []

File: MAClogo-Small.png Graphic file (type png)
<use MAClogo-Small.png>
Package pdftex.def Info: MAClogo-Small.png used on input line 1152.
(pdftex.def)             Requested size: 226.596pt x 104.64066pt.
 [19]
File: MAClogo-Small.png Graphic file (type png)
 <use MAClogo-Small.png>
Package pdftex.def Info: MAClogo-Small.png used on input line 1171.
(pdftex.def)             Requested size: 226.596pt x 104.64066pt.
 [20]
\c@quiznumber=\count308

Underfull \hbox (badness 10000) in paragraph at lines 1196--1207

 []


Underfull \hbox (badness 10000) in paragraph at lines 1196--1207

 []


Underfull \vbox (badness 10000) detected at line 1215
 []

File: MAClogo-Small.png Graphic file (type png)
<use MAClogo-Small.png>
Package pdftex.def Info: MAClogo-Small.png used on input line 1215.
(pdftex.def)             Requested size: 226.596pt x 104.64066pt.
 [21]
Overfull \hbox (44.7405pt too wide) in paragraph at lines 1223--1223
[]\OT1/cmtt/m/n/10 \calday[Thurs.]{\classday \weeklytext{\stepcounter{quiznumbe
r} \textbf{Quiz \arabic{quiznumber}}}}
 []


Overfull \hbox (9.577pt too wide) in paragraph at lines 1239--1240
[][]\OT1/cmtt/m/n/10 \calday[Display Name]{} \OT1/cmr/m/n/10 is used to in-clud
e a day of the week on the cal-en-dar, hence in []\OT1/cmtt/m/n/10 [Display Nam
e]
 []


Overfull \hbox (69.59518pt too wide) in paragraph at lines 1242--1243
[]\OT1/cmr/m/n/10 To change pre-set op-tions for a par-tic-u-lar day use []\OT1
/cmtt/m/n/10 \options{d/m/y}{}\OT1/cmr/m/n/10 . For in-stance, []\OT1/cmtt/m/n/
10 \options{9/7/15}{\noclassday}
 []

File: MAClogo-Small.png Graphic file (type png)
<use MAClogo-Small.png>
Package pdftex.def Info: MAClogo-Small.png used on input line 1245.
(pdftex.def)             Requested size: 226.596pt x 104.64066pt.
 [22]
Missing character: There is no ; in font nullfont!

Overfull \hbox (16.67088pt too wide) detected at line 1272
[][] \OML/cmm/m/it/10 f\OT1/cmr/m/n/10 (\OML/cmm/m/it/10 t\OT1/cmr/m/n/10 ) \OM
L/cmm/m/it/10 dt \OMS/cmsy/m/n/10  []\OT1/cmr/m/n/10 (\OML/cmm/m/it/10 f\OT1/c
mr/m/n/10 (\OML/cmm/m/it/10 t[]\OT1/cmr/m/n/10 ) + \OML/cmm/m/it/10 f\OT1/cmr/m
/n/10 (\OML/cmm/m/it/10 t[]\OT1/cmr/m/n/10 ) + [] [] + \OML/cmm/m/it/10 f\OT1/c
mr/m/n/10 (\OML/cmm/m/it/10 t[]\OT1/cmr/m/n/10 ) + \OML/cmm/m/it/10 f\OT1/cmr/m
/n/10 (\OML/cmm/m/it/10 b\OT1/cmr/m/n/10 ))
 []

Missing character: There is no ; in font nullfont!

Overfull \hbox (9.32594pt too wide) in paragraph at lines 1254--1281
\OT1/cmr/m/n/10 In the op-tions of the []\OT1/cmtt/m/n/10 \addplot \OT1/cmr/m/n
/10 for the func-tion use []\OT1/cmtt/m/n/10 [...,ybar interval, domain=a:b, sa
mples=b-a+1,...]
 []


Underfull \hbox (badness 10000) in paragraph at lines 1254--1281

 []


Overfull \hbox (44.7405pt too wide) in paragraph at lines 1290--1290
[]\OT1/cmtt/m/n/10 yticklabels={,,}, xticklabels={$a$,$t_1$,$t_2$, $\ldots$,$t_
{n-1}$, $b$}, xlabel=$x$, ylabel=$y$];[] 
 []


Overfull \hbox (44.7405pt too wide) in paragraph at lines 1292--1292
[]\OT1/cmtt/m/n/10 \addplot [thick,draw=black,fill=gray,opacity=.4, ybar interv
al, domain=1:9,samples=9]{5*x^(-1)+1};[] 
 []

File: MAClogo-Small.png Graphic file (type png)
<use MAClogo-Small.png>
Package pdftex.def Info: MAClogo-Small.png used on input line 1298.
(pdftex.def)             Requested size: 226.596pt x 104.64066pt.
 [23]
Overfull \hbox (44.7405pt too wide) in paragraph at lines 1304--1304
[]\OT1/cmtt/m/n/10 yticklabels={,,}, xticklabels={$a$,$t_1$,$t_2$, $\ldots$,$t_
{n-1}$, $b$}, xlabel=$x$, ylabel=$y$];[] 
 []


Overfull \hbox (55.2404pt too wide) in paragraph at lines 1306--1306
[]\OT1/cmtt/m/n/10 \addplot [thick,draw=black,fill=gray, opacity=0.4, ybar inte
rval, domain=9:1,samples=9]{5*x^(-1)+1};[] 
 []


Overfull \hbox (108.85889pt too wide) in paragraph at lines 1323--1323
[]\OT1/cmtt/m/n/10 A  \arrow[swap]{rd}{g\circ f} \arrow{r}{f} & B \arrow{d}{g}\
\[] 
 []


Underfull \hbox (badness 10000) in paragraph at lines 1312--1328

 []


Underfull \hbox (badness 10000) in paragraph at lines 1312--1328

 []


Underfull \hbox (badness 10000) in paragraph at lines 1312--1328

 []


Overfull \hbox (77.35916pt too wide) in paragraph at lines 1366--1366
[]\OT1/cmtt/m/n/10 \draw [ultra thick, dashed, ->,blue](0,-4.5)--(2,-4.5);[] 
 []


Overfull \hbox (56.35934pt too wide) in paragraph at lines 1367--1367
[]\OT1/cmtt/m/n/10 \draw [rounded corners] (0,-5.5)--(1,-5)--(2,-5.5);[] 
 []


Underfull \hbox (badness 10000) in paragraph at lines 1337--1372

 []

File: MAClogo-Small.png Graphic file (type png)
<use MAClogo-Small.png>
Package pdftex.def Info: MAClogo-Small.png used on input line 1379.
(pdftex.def)             Requested size: 226.596pt x 104.64066pt.
 [24]
Overfull \hbox (60.49036pt too wide) in paragraph at lines 1400--1400
[]\OT1/cmtt/m/n/10 \draw [thick] (10,0) to [out=90, in=180] (11,1) to [out=0, i
n=180] (13,0) to [out=0,in=270] (13.5,1);[] 
 []


Overfull \hbox (4.28984pt too wide) in paragraph at lines 1424--1426
[]\OT1/cmtt/m/n/10 xticklabels={,,}\OT1/cmr/m/n/10 . To re-move both ticks and 
tick la-bels from a sin-gle axis add []\OT1/cmtt/m/n/10 ytick={0}, yticklabels=
{}\OT1/cmr/m/n/10 ,
 []


Underfull \hbox (badness 10000) in paragraph at lines 1424--1426

 []

File: MAClogo-Small.png Graphic file (type png)
<use MAClogo-Small.png>
Package pdftex.def Info: MAClogo-Small.png used on input line 1426.
(pdftex.def)             Requested size: 226.596pt x 104.64066pt.
 [25]
Underfull \hbox (badness 10000) in paragraph at lines 1429--1431

 []

Missing character: There is no ; in font nullfont!

Overfull \hbox (77.35916pt too wide) in paragraph at lines 1457--1457
[]\OT1/cmtt/m/n/10 \addplot [thick, domain=-5:10, samples=100]{sin(\x r)};[] 
 []

File: MAClogo-Small.png Graphic file (type png)
<use MAClogo-Small.png>
Package pdftex.def Info: MAClogo-Small.png used on input line 1471.
(pdftex.def)             Requested size: 226.596pt x 104.64066pt.
 [26]
Overfull \hbox (11.22237pt too wide) in paragraph at lines 1485--1486
 [][] 
 []


Overfull \hbox (61.6093pt too wide) in paragraph at lines 1496--1496
[]\OT1/cmtt/m/n/10 \addplot [domain=0:10, samples=100] ({x},{sqrt(x)});[] 
 []


Overfull \hbox (56.35934pt too wide) in paragraph at lines 1497--1497
[]\OT1/cmtt/m/n/10 \addplot [semithick,red, domain=-2:10, variable=\t][] 
 []

Missing character: There is no ; in font nullfont!

Overfull \hbox (8.40996pt too wide) in paragraph at lines 1523--1524
 [][] 
 []


Overfull \hbox (93.10902pt too wide) in paragraph at lines 1544--1544
[]\OT1/cmtt/m/n/10 \addplot[domain=0:360,fill=gray, opacity=0.4]{2+2*cos(x)};[]
 
 []


Overfull \hbox (9.65936pt too wide) in paragraph at lines 1563--1563
[]\OT1/cmtt/m/n/10 mark= at position 0.5 with {\arrow[line width=3pt]{latex};},
[] 
 []


Overfull \hbox (25.40923pt too wide) in paragraph at lines 1569--1569
[]\OT1/cmtt/m/n/10 mark= at position 1 with {\arrowreversed[line width=1 pt]{>}
;}}[] 
 []

Missing character: There is no ; in font nullfont!
Missing character: There is no ; in font nullfont!
Missing character: There is no ; in font nullfont!
Missing character: There is no ; in font nullfont!

Overfull \hbox (54.47023pt too wide) in paragraph at lines 1593--1594
[][] 
 []


Underfull \hbox (badness 10000) in paragraph at lines 1553--1596

 []

File: MAClogo-Small.png Graphic file (type png)
<use MAClogo-Small.png>
Package pdftex.def Info: MAClogo-Small.png used on input line 1596.
(pdftex.def)             Requested size: 226.596pt x 104.64066pt.
 [27]
File: MAClogo-Small.png Graphic file (type png)
 <use MAClogo-Small.png>
Package pdftex.def Info: MAClogo-Small.png used on input line 1651.
(pdftex.def)             Requested size: 226.596pt x 104.64066pt.
 [28]
Underfull \hbox (badness 10000) in paragraph at lines 1665--1717

 []

File: MAClogo-Small.png Graphic file (type png)
<use MAClogo-Small.png>
Package pdftex.def Info: MAClogo-Small.png used on input line 1719.
(pdftex.def)             Requested size: 226.596pt x 104.64066pt.
 [29]
Overfull \hbox (16.23448pt too wide) in paragraph at lines 1739--1740
[][] 
 []


Overfull \hbox (45.85944pt too wide) in paragraph at lines 1745--1745
[]\OT1/cmtt/m/n/10 \clip (1,0.5) circle (2) (-5,-3) rectangle (5,2);[] 
 []


Underfull \hbox (badness 10000) in paragraph at lines 1730--1754

 []


Underfull \hbox (badness 10000) in paragraph at lines 1730--1754

 []

Package pgfplots info on input line 1768: fill between: found 'clip=true'. Prep
aring pgfplotsextra instruction with clip path for layer 'pre main'...
Package pgfplots info on input line 1769: fill between: activating layered grap
hics
\pgf@layerbox@axis background=\box92
\pgf@layerboxsaved@axis background=\box93
\pgf@layerbox@axis grid=\box94
\pgf@layerboxsaved@axis grid=\box95
\pgf@layerbox@axis ticks=\box96
\pgf@layerboxsaved@axis ticks=\box97
\pgf@layerbox@axis lines=\box98
\pgf@layerboxsaved@axis lines=\box99
\pgf@layerbox@axis tick labels=\box100
\pgf@layerboxsaved@axis tick labels=\box101
\pgf@layerbox@pre main=\box102
\pgf@layerboxsaved@pre main=\box103
\pgf@layerbox@axis descriptions=\box104
\pgf@layerboxsaved@axis descriptions=\box105
\pgf@layerbox@axis foreground=\box106
\pgf@layerboxsaved@axis foreground=\box107
Package pgfplots info on input line 1769: Setting layers 'axis background,axis 
grid,axis ticks,axis lines,axis tick labels,pre main,main,axis descriptions,axi
s foreground'...

Overfull \hbox (40.60948pt too wide) in paragraph at lines 1780--1780
[]\OT1/cmtt/m/n/10 yticklabels={$f(c)$}, xticklabels={$a$,$c$,$b$}][] 
 []


Overfull \hbox (72.1092pt too wide) in paragraph at lines 1781--1781
[]\OT1/cmtt/m/n/10 \addplot [name path=f, domain=0:10, samples=100] {x^2}[] 
 []


Overfull \hbox (61.6093pt too wide) in paragraph at lines 1782--1782
[]    \OT1/cmtt/m/n/10 node [pos=0.8, pin={$f(x)$}, inner sep =0 pt]{};[] 
 []


Overfull \hbox (66.85925pt too wide) in paragraph at lines 1783--1783
[]\OT1/cmtt/m/n/10 \addplot [name path=c, domain=0:10, samples=100] {20}[] 
 []


Overfull \hbox (66.85925pt too wide) in paragraph at lines 1784--1784
[]    \OT1/cmtt/m/n/10 node [pos=0.9, pin={$y=f(c)$}, inner sep=0 pt]{};[] 
 []


Overfull \hbox (98.35898pt too wide) in paragraph at lines 1785--1785
[]\OT1/cmtt/m/n/10 \addplot [thick, color=black, fill=black, fill opacity=0.5][
] 
 []


Overfull \hbox (66.85925pt too wide) in paragraph at lines 1786--1786
[]    \OT1/cmtt/m/n/10 fill between[of=f and c, soft clip={domain=2:8}];[] 
 []

Package pgfplots info on input line 1803: fill between: found 'clip=true'. Prep
aring pgfplotsextra instruction with clip path for layer 'pre main'...
Package pgfplots info on input line 1804: fill between: activating layered grap
hics
Package pgfplots info on input line 1804: Setting layers 'axis background,axis 
grid,axis ticks,axis lines,axis tick labels,pre main,main,axis descriptions,axi
s foreground'...

Overfull \hbox (72.1092pt too wide) in paragraph at lines 1813--1813
[]\OT1/cmtt/m/n/10 \addplot [name path=c,thick, domain=-5:5, samples=100][] 
 []


Overfull \hbox (72.1092pt too wide) in paragraph at lines 1815--1815
[]\OT1/cmtt/m/n/10 \addplot [name path=s,thick, domain=-5:5, samples=100][] 
 []


Overfull \hbox (3.8598pt too wide) in paragraph at lines 1817--1817
[]\OT1/cmtt/m/n/10 \addplot fill between [of=c and s, split,[] 
 []

File: MAClogo-Small.png Graphic file (type png)
<use MAClogo-Small.png>
Package pdftex.def Info: MAClogo-Small.png used on input line 1824.
(pdftex.def)             Requested size: 226.596pt x 104.64066pt.
 [30]
Overfull \hbox (4.44424pt too wide) in paragraph at lines 1826--1852
[]  [] 
 []


Overfull \hbox (9.10976pt too wide) in paragraph at lines 1861--1861
[]\OT1/cmtt/m/n/10 \addplot[mark=*, only marks] coordinates {[] 
 []

File: MAClogo-Small.png Graphic file (type png)
<use MAClogo-Small.png>
Package pdftex.def Info: MAClogo-Small.png used on input line 1883.
(pdftex.def)             Requested size: 226.596pt x 104.64066pt.
 [31]
Overfull \hbox (35.35953pt too wide) in paragraph at lines 1902--1902
[]\OT1/cmtt/m/n/10 \node [below, rotate=30] at (3,0)(2) {Goodbye};[] 
 []


Overfull \hbox (4.60385pt too wide) in paragraph at lines 1890--1908
\OT1/cmr/m/n/10 Note that the po-si-tion op-tions are []\OT1/cmtt/m/n/10 above\
OT1/cmr/m/n/10 , []\OT1/cmtt/m/n/10 above left\OT1/cmr/m/n/10 , []\OT1/cmtt/m/n
/10 above right\OT1/cmr/m/n/10 , []\OT1/cmtt/m/n/10 right\OT1/cmr/m/n/10 , []\O
T1/cmtt/m/n/10 left\OT1/cmr/m/n/10 , []\OT1/cmtt/m/n/10 below left\OT1/cmr/m/n/
10 , []\OT1/cmtt/m/n/10 below right\OT1/cmr/m/n/10 .
 []


Overfull \hbox (25.72284pt too wide) in paragraph at lines 1927--1928
 [][] 
 []


Overfull \hbox (72.1092pt too wide) in paragraph at lines 1934--1934
[]\OT1/cmtt/m/n/10 \node [below right=of 1](2) {$\langle(1~2~3)\rangle$};[] 
 []


Overfull \hbox (56.35934pt too wide) in paragraph at lines 1935--1935
[]\OT1/cmtt/m/n/10 \node [below left=of 2](3) {$\langle(2~3)\rangle$};[] 
 []


Overfull \hbox (24.85962pt too wide) in paragraph at lines 1936--1936
[]\OT1/cmtt/m/n/10 \node [left=of 3](4) {$\langle(1~3)\rangle$};[] 
 []


Overfull \hbox (24.85962pt too wide) in paragraph at lines 1937--1937
[]\OT1/cmtt/m/n/10 \node [left=of 4](5) {$\langle(1~2)\rangle$};[] 
 []


Overfull \hbox (51.10939pt too wide) in paragraph at lines 1938--1938
[]\OT1/cmtt/m/n/10 \node [below right=of 4](6) {$\langle{}1\rangle$};[] 
 []

File: MAClogo-Small.png Graphic file (type png)
<use MAClogo-Small.png>
Package pdftex.def Info: MAClogo-Small.png used on input line 1950.
(pdftex.def)             Requested size: 226.596pt x 104.64066pt.
 [32]
Overfull \hbox (45.85944pt too wide) in paragraph at lines 1968--1968
[]\OT1/cmtt/m/n/10 \draw [style=dashed,->] (2) to[out=0, in=90] (1);[] 
 []


Overfull \hbox (14.35971pt too wide) in paragraph at lines 1991--1991
[]    \OT1/cmtt/m/n/10 {$\displaystyle \lim_{n\to\infty}a_n$\\[] 
 []


Underfull \hbox (badness 10000) in paragraph at lines 1975--2000

 []


Overfull \hbox (51.10939pt too wide) in paragraph at lines 2023--2023
[]\OT1/cmtt/m/n/10 \addplot [thick, domain=-2:2, samples=200] {1-x^2}[] 
 []


Overfull \hbox (56.35934pt too wide) in paragraph at lines 2024--2024
[]    \OT1/cmtt/m/n/10 node [rotate=30,pos=0.45, pin={[red]$y=1-x^2$},[] 
 []


Overfull \hbox (9.10976pt too wide) in paragraph at lines 2026--2026
[]\OT1/cmtt/m/n/10 \draw [style=dashed](axis cs:-0.75,0.4375)[] 
 []


Overfull \hbox (66.85925pt too wide) in paragraph at lines 2027--2027
[]    \OT1/cmtt/m/n/10 --(axis cs:0.75,0.4375) node[right]{$(x,1-x^2)$};[] 
 []


Overfull \hbox (82.60912pt too wide) in paragraph at lines 2028--2028
[]\OT1/cmtt/m/n/10 \node [anchor=north west] at (axis cs:-1,0)(){$(-1,0)$};[] 
 []

File: MAClogo-Small.png Graphic file (type png)
<use MAClogo-Small.png>
Package pdftex.def Info: MAClogo-Small.png used on input line 2036.
(pdftex.def)             Requested size: 226.596pt x 104.64066pt.
 [33]
Overfull \hbox (45.85944pt too wide) in paragraph at lines 2055--2055
[]\OT1/cmtt/m/n/10 \begin{axis}[colormap/bluered, axis lines=center,[] 
 []


Overfull \hbox (66.85925pt too wide) in paragraph at lines 2056--2056
[]\OT1/cmtt/m/n/10 xticklabels={,,}, yticklabels={,,}, zticklabels={,,},[] 
 []


Overfull \hbox (14.35971pt too wide) in paragraph at lines 2060--2060
[]\OT1/cmtt/m/n/10 \addplot3[surf,domain=-1:1,y domain=0:360,][] 
 []

Missing character: There is no ; in font nullfont!

Overfull \hbox (72.1092pt too wide) in paragraph at lines 2079--2079
[]\OT1/cmtt/m/n/10 \begin{axis}[colormap/cool, hide axis, title=Example];[] 
 []


Overfull \hbox (19.60966pt too wide) in paragraph at lines 2081--2081
[]    \OT1/cmtt/m/n/10 {sin(deg(sqrt(x^2+y^2)))/sqrt(x^2+y^2)};[] 
 []

File: MAClogo-Small.png Graphic file (type png)
<use MAClogo-Small.png>
Package pdftex.def Info: MAClogo-Small.png used on input line 2088.
(pdftex.def)             Requested size: 226.596pt x 104.64066pt.
 [34]
File: MAClogo-Small.png Graphic file (type png)
 <use MAClogo-Small.png>
Package pdftex.def Info: MAClogo-Small.png used on input line 2119.
(pdftex.def)             Requested size: 226.596pt x 104.64066pt.
 [35]
File: MAClogo-Small.png Graphic file (type png)

<use MAClogo-Small.png>
Package pdftex.def Info: MAClogo-Small.png used on input line 2119.
(pdftex.def)             Requested size: 226.596pt x 104.64066pt.
 [36]
runsystem(makeindex latex.example.idx)...executed (allowed).

 (latex.example.ind)
Package atveryend Info: Empty hook `BeforeClearDocument' on input line 2119.
Package atveryend Info: Empty hook `AfterLastShipout' on input line 2119.
 (latex.example.aux)
Package atveryend Info: Executing hook `AtVeryEndDocument' on input line 2119.
Package atveryend Info: Executing hook `AtEndAfterFileList' on input line 2119.

Package rerunfilecheck Info: File `latex.example.out' has not changed.
(rerunfilecheck)             Checksum: AB768F51528645C8F5766FAD236BFC24;6300.


LaTeX Font Warning: Size substitutions with differences
(Font)              up to 117.38377pt have occurred.

Package atveryend Info: Empty hook `AtVeryVeryEnd' on input line 2119.
 ) 
Here is how much of TeX's memory you used:
 38788 strings out of 493698
 890477 string characters out of 3144413
 2557320 words of memory out of 3000000
 41336 multiletter control sequences out of 15000+200000
 16424 words of font info for 64 fonts, out of 3000000 for 9000
 1025 hyphenation exceptions out of 8191
 69i,20n,116p,10482b,2877s stack positions out of 5000i,500n,10000p,200000b,50000s
<C:/Program Files/MiKTeX 2.9/fonts/type1/public/amsfonts/cm/cmbx10.pfb><C:/Pr
ogram Files/MiKTeX 2.9/fonts/type1/public/amsfonts/cm/cmbx12.pfb><C:/Program Fi
les/MiKTeX 2.9/fonts/type1/public/amsfonts/cm/cmbx9.pfb><C:/Program Files/MiKTe
X 2.9/fonts/type1/public/amsfonts/cm/cmcsc10.pfb><C:/Program Files/MiKTeX 2.9/f
onts/type1/public/amsfonts/cm/cmex10.pfb><C:/Program Files/MiKTeX 2.9/fonts/typ
e1/public/amsfonts/cm/cmmi10.pfb><C:/Program Files/MiKTeX 2.9/fonts/type1/publi
c/amsfonts/cm/cmmi12.pfb><C:/Program Files/MiKTeX 2.9/fonts/type1/public/amsfon
ts/cm/cmmi5.pfb><C:/Program Files/MiKTeX 2.9/fonts/type1/public/amsfonts/cm/cmm
i7.pfb><C:/Program Files/MiKTeX 2.9/fonts/type1/public/amsfonts/cm/cmr10.pfb><C
:/Program Files/MiKTeX 2.9/fonts/type1/public/amsfonts/cm/cmr12.pfb><C:/Program
 Files/MiKTeX 2.9/fonts/type1/public/amsfonts/cm/cmr17.pfb><C:/Program Files/Mi
KTeX 2.9/fonts/type1/public/amsfonts/cm/cmr5.pfb><C:/Program Files/MiKTeX 2.9/f
onts/type1/public/amsfonts/cm/cmr6.pfb><C:/Program Files/MiKTeX 2.9/fonts/type1
/public/amsfonts/cm/cmr7.pfb><C:/Program Files/MiKTeX 2.9/fonts/type1/public/am
sfonts/cm/cmr8.pfb><C:/Program Files/MiKTeX 2.9/fonts/type1/public/amsfonts/cm/
cmr9.pfb><C:/Program Files/MiKTeX 2.9/fonts/type1/public/amsfonts/cm/cmsy10.pfb
><C:/Program Files/MiKTeX 2.9/fonts/type1/public/amsfonts/cm/cmsy5.pfb><C:/Prog
ram Files/MiKTeX 2.9/fonts/type1/public/amsfonts/cm/cmsy7.pfb><C:/Program Files
/MiKTeX 2.9/fonts/type1/public/amsfonts/cm/cmti10.pfb><C:/Program Files/MiKTeX 
2.9/fonts/type1/public/amsfonts/cm/cmtt10.pfb><C:/Program Files/MiKTeX 2.9/font
s/type1/public/amsfonts/symbols/msam10.pfb><C:/Program Files/MiKTeX 2.9/fonts/t
ype1/public/amsfonts/symbols/msbm10.pfb>
Output written on latex.example.pdf (37 pages, 691056 bytes).
PDF statistics:
 894 PDF objects out of 1000 (max. 8388607)
 157 named destinations out of 1000 (max. 500000)
 756 words of extra memory for PDF output out of 10000 (max. 10000000)

