\BOOKMARK [1][-]{section.1}{Document and Page Layout}{}% 1
\BOOKMARK [2][-]{subsection.1.1}{Preamble}{section.1}% 2
\BOOKMARK [2][-]{subsection.1.2}{Text Options}{section.1}% 3
\BOOKMARK [2][-]{subsection.1.3}{Text Alignment}{section.1}% 4
\BOOKMARK [3][-]{subsubsection.1.3.1}{Vertical Centering}{subsection.1.3}% 5
\BOOKMARK [2][-]{subsection.1.4}{Geometry and Margins}{section.1}% 6
\BOOKMARK [3][-]{subsubsection.1.4.1}{New Geometry}{subsection.1.4}% 7
\BOOKMARK [3][-]{subsubsection.1.4.2}{Margin Notes}{subsection.1.4}% 8
\BOOKMARK [2][-]{subsection.1.5}{Spacing Options}{section.1}% 9
\BOOKMARK [3][-]{subsubsection.1.5.1}{Line Spacing}{subsection.1.5}% 10
\BOOKMARK [3][-]{subsubsection.1.5.2}{New Lines and Pages}{subsection.1.5}% 11
\BOOKMARK [3][-]{subsubsection.1.5.3}{In Math Environments}{subsection.1.5}% 12
\BOOKMARK [3][-]{subsubsection.1.5.4}{Other}{subsection.1.5}% 13
\BOOKMARK [2][-]{subsection.1.6}{Titlepage}{section.1}% 14
\BOOKMARK [2][-]{subsection.1.7}{Abstract}{section.1}% 15
\BOOKMARK [2][-]{subsection.1.8}{Headers and Footers}{section.1}% 16
\BOOKMARK [2][-]{subsection.1.9}{Comments}{section.1}% 17
\BOOKMARK [2][-]{subsection.1.10}{Watermark}{section.1}% 18
\BOOKMARK [2][-]{subsection.1.11}{Sections}{section.1}% 19
\BOOKMARK [2][-]{subsection.1.12}{Table of Contents}{section.1}% 20
\BOOKMARK [2][-]{subsection.1.13}{Footnotes}{section.1}% 21
\BOOKMARK [2][-]{subsection.1.14}{Appendix}{section.1}% 22
\BOOKMARK [2][-]{subsection.1.15}{Index}{section.1}% 23
\BOOKMARK [2][-]{subsection.1.16}{Bibliography}{section.1}% 24
\BOOKMARK [1][-]{section.2}{Useful Functions}{}% 25
\BOOKMARK [2][-]{subsection.2.1}{Commands that Print Useful Information}{section.2}% 26
\BOOKMARK [2][-]{subsection.2.2}{Horizontal Lines}{section.2}% 27
\BOOKMARK [2][-]{subsection.2.3}{Boxes}{section.2}% 28
\BOOKMARK [2][-]{subsection.2.4}{Counters}{section.2}% 29
\BOOKMARK [2][-]{subsection.2.5}{Polynomials}{section.2}% 30
\BOOKMARK [3][-]{subsubsection.2.5.1}{Long Division}{subsection.2.5}% 31
\BOOKMARK [3][-]{subsubsection.2.5.2}{Factoring}{subsection.2.5}% 32
\BOOKMARK [2][-]{subsection.2.6}{Defining New Commands}{section.2}% 33
\BOOKMARK [2][-]{subsection.2.7}{Importing External Graphics}{section.2}% 34
\BOOKMARK [3][-]{subsubsection.2.7.1}{Importing PDFs}{subsection.2.7}% 35
\BOOKMARK [1][-]{section.3}{Useful Environments}{}% 36
\BOOKMARK [2][-]{subsection.3.1}{Equation and \044\044}{section.3}% 37
\BOOKMARK [2][-]{subsection.3.2}{Align}{section.3}% 38
\BOOKMARK [3][-]{subsubsection.3.2.1}{Intertext and Text}{subsection.3.2}% 39
\BOOKMARK [3][-]{subsubsection.3.2.2}{Referencing Equations \(and other numbered environments\)}{subsection.3.2}% 40
\BOOKMARK [3][-]{subsubsection.3.2.3}{Vertical Whitespace}{subsection.3.2}% 41
\BOOKMARK [2][-]{subsection.3.3}{Theorems and Proofs}{section.3}% 42
\BOOKMARK [2][-]{subsection.3.4}{Theorem Styles}{section.3}% 43
\BOOKMARK [2][-]{subsection.3.5}{Itemize vs. Enumerate}{section.3}% 44
\BOOKMARK [2][-]{subsection.3.6}{Multiple Columns}{section.3}% 45
\BOOKMARK [2][-]{subsection.3.7}{Minipage}{section.3}% 46
\BOOKMARK [2][-]{subsection.3.8}{Cases}{section.3}% 47
\BOOKMARK [2][-]{subsection.3.9}{Figures}{section.3}% 48
\BOOKMARK [3][-]{subsubsection.3.9.1}{Captions}{subsection.3.9}% 49
\BOOKMARK [3][-]{subsubsection.3.9.2}{Wrapping Text around Figures}{subsection.3.9}% 50
\BOOKMARK [2][-]{subsection.3.10}{Arrays}{section.3}% 51
\BOOKMARK [2][-]{subsection.3.11}{Matrices}{section.3}% 52
\BOOKMARK [2][-]{subsection.3.12}{Tables}{section.3}% 53
\BOOKMARK [3][-]{subsubsection.3.12.1}{Tabularx}{subsection.3.12}% 54
\BOOKMARK [3][-]{subsubsection.3.12.2}{Tables Spanning Multiple Pages}{subsection.3.12}% 55
\BOOKMARK [2][-]{subsection.3.13}{Calendar}{section.3}% 56
\BOOKMARK [1][-]{section.4}{Math Reference}{}% 57
\BOOKMARK [2][-]{subsection.4.1}{New Math Operators}{section.4}% 58
\BOOKMARK [2][-]{subsection.4.2}{Graphing \046 Riemann Sums}{section.4}% 59
\BOOKMARK [2][-]{subsection.4.3}{Commutative Diagrams}{section.4}% 60
\BOOKMARK [1][-]{section.5}{Graphing}{}% 61
\BOOKMARK [2][-]{subsection.5.1}{Lines}{section.5}% 62
\BOOKMARK [2][-]{subsection.5.2}{Curves and Shapes}{section.5}% 63
\BOOKMARK [2][-]{subsection.5.3}{Axis and Addplot Options}{section.5}% 64
\BOOKMARK [3][-]{subsubsection.5.3.1}{Titles and Legends}{subsection.5.3}% 65
\BOOKMARK [3][-]{subsubsection.5.3.2}{Size}{subsection.5.3}% 66
\BOOKMARK [3][-]{subsubsection.5.3.3}{Axis Tick Marks}{subsection.5.3}% 67
\BOOKMARK [3][-]{subsubsection.5.3.4}{Plots with Unbounded Functions}{subsection.5.3}% 68
\BOOKMARK [2][-]{subsection.5.4}{Plotting Functions}{section.5}% 69
\BOOKMARK [3][-]{subsubsection.5.4.1}{Parametric}{subsection.5.4}% 70
\BOOKMARK [3][-]{subsubsection.5.4.2}{Polar Graphs}{subsection.5.4}% 71
\BOOKMARK [2][-]{subsection.5.5}{Decorations}{section.5}% 72
\BOOKMARK [3][-]{subsubsection.5.5.1}{Adding Arrow Tips to Plots}{subsection.5.5}% 73
\BOOKMARK [3][-]{subsubsection.5.5.2}{Arrow Tip Types and Sizes}{subsection.5.5}% 74
\BOOKMARK [2][-]{subsection.5.6}{Shading Areas}{section.5}% 75
\BOOKMARK [3][-]{subsubsection.5.6.1}{Simple Regions}{subsection.5.6}% 76
\BOOKMARK [3][-]{subsubsection.5.6.2}{Intersections of Simple Regions}{subsection.5.6}% 77
\BOOKMARK [3][-]{subsubsection.5.6.3}{Even Odd Rule}{subsection.5.6}% 78
\BOOKMARK [3][-]{subsubsection.5.6.4}{Arbitrary Areas}{subsection.5.6}% 79
\BOOKMARK [2][-]{subsection.5.7}{Scatterplots}{section.5}% 80
\BOOKMARK [2][-]{subsection.5.8}{Nodes}{section.5}% 81
\BOOKMARK [3][-]{subsubsection.5.8.1}{Absolute Position}{subsection.5.8}% 82
\BOOKMARK [3][-]{subsubsection.5.8.2}{Relative Position}{subsection.5.8}% 83
\BOOKMARK [3][-]{subsubsection.5.8.3}{Curved Arrows}{subsection.5.8}% 84
\BOOKMARK [3][-]{subsubsection.5.8.4}{Typing Multiple Lines in Nodes}{subsection.5.8}% 85
\BOOKMARK [3][-]{subsubsection.5.8.5}{Nodes in Graphs}{subsection.5.8}% 86
\BOOKMARK [2][-]{subsection.5.9}{Flowcharts}{section.5}% 87
\BOOKMARK [2][-]{subsection.5.10}{3-Dimensional Plots}{section.5}% 88
\BOOKMARK [3][-]{subsubsection.5.10.1}{Parametric}{subsection.5.10}% 89
\BOOKMARK [3][-]{subsubsection.5.10.2}{Cartesian}{subsection.5.10}% 90
\BOOKMARK [1][-]{appendix.A}{Special Symbols}{}% 91
